{
"/Users/ivan/Liferay/Javascript/liferay-amd-loader/umd/event-emitter.js":{"path":"/Users/ivan/Liferay/Javascript/liferay-amd-loader/umd/event-emitter.js","s":{"1":56,"2":56,"3":56,"4":56,"5":56,"6":54,"7":56,"8":1,"9":61,"10":56,"11":191,"12":191,"13":23,"14":23,"15":19,"16":19,"17":18,"18":1,"19":4,"20":160,"21":160,"22":29,"23":29,"24":27,"25":27,"26":131,"27":56},"b":{"1":[56,0],"2":[56,56],"3":[54,2],"4":[56,54],"5":[56,0],"6":[191,65],"7":[19,4],"8":[18,1],"9":[29,131]},"f":{"1":56,"2":56,"3":61,"4":191,"5":23,"6":160},"fnMap":{"1":{"name":"(anonymous_1)","line":1,"loc":{"start":{"line":1,"column":1},"end":{"line":1,"column":28}}},"2":{"name":"(anonymous_2)","line":17,"loc":{"start":{"line":17,"column":76},"end":{"line":17,"column":94}}},"3":{"name":"EventEmitter","line":26,"loc":{"start":{"line":26,"column":0},"end":{"line":26,"column":24}}},"4":{"name":"(anonymous_4)","line":39,"loc":{"start":{"line":39,"column":5},"end":{"line":39,"column":31}}},"5":{"name":"(anonymous_5)","line":51,"loc":{"start":{"line":51,"column":6},"end":{"line":51,"column":32}}},"6":{"name":"(anonymous_6)","line":76,"loc":{"start":{"line":76,"column":7},"end":{"line":76,"column":29}}}},"statementMap":{"1":{"start":{"line":1,"column":0},"end":{"line":99,"column":4}},"2":{"start":{"line":4,"column":4},"end":{"line":4,"column":32}},"3":{"start":{"line":7,"column":4},"end":{"line":9,"column":5}},"4":{"start":{"line":8,"column":8},"end":{"line":8,"column":31}},"5":{"start":{"line":12,"column":4},"end":{"line":14,"column":5},"skip":true},"6":{"start":{"line":13,"column":8},"end":{"line":13,"column":24},"skip":true},"7":{"start":{"line":16,"column":4},"end":{"line":16,"column":32}},"8":{"start":{"line":26,"column":0},"end":{"line":28,"column":1}},"9":{"start":{"line":27,"column":1},"end":{"line":27,"column":19}},"10":{"start":{"line":30,"column":0},"end":{"line":95,"column":2}},"11":{"start":{"line":40,"column":2},"end":{"line":40,"column":68}},"12":{"start":{"line":42,"column":2},"end":{"line":42,"column":27}},"13":{"start":{"line":52,"column":2},"end":{"line":52,"column":38}},"14":{"start":{"line":54,"column":2},"end":{"line":66,"column":3}},"15":{"start":{"line":55,"column":3},"end":{"line":55,"column":51}},"16":{"start":{"line":57,"column":3},"end":{"line":63,"column":4}},"17":{"start":{"line":58,"column":4},"end":{"line":58,"column":39}},"18":{"start":{"line":60,"column":4},"end":{"line":62,"column":6}},"19":{"start":{"line":65,"column":3},"end":{"line":65,"column":67}},"20":{"start":{"line":77,"column":2},"end":{"line":77,"column":38}},"21":{"start":{"line":79,"column":2},"end":{"line":93,"column":3}},"22":{"start":{"line":84,"column":3},"end":{"line":84,"column":34}},"23":{"start":{"line":86,"column":3},"end":{"line":90,"column":4}},"24":{"start":{"line":87,"column":4},"end":{"line":87,"column":32}},"25":{"start":{"line":89,"column":4},"end":{"line":89,"column":34}},"26":{"start":{"line":92,"column":3},"end":{"line":92,"column":52}},"27":{"start":{"line":98,"column":4},"end":{"line":98,"column":24}}},"branchMap":{"1":{"line":7,"type":"if","locations":[{"start":{"line":7,"column":4},"end":{"line":7,"column":4}},{"start":{"line":7,"column":4},"end":{"line":7,"column":4},"skip":true}]},"2":{"line":7,"type":"binary-expr","locations":[{"start":{"line":7,"column":8},"end":{"line":7,"column":34}},{"start":{"line":7,"column":38},"end":{"line":7,"column":44}}]},"3":{"line":12,"type":"if","locations":[{"start":{"line":12,"column":4},"end":{"line":12,"column":4},"skip":true},{"start":{"line":12,"column":4},"end":{"line":12,"column":4},"skip":true}]},"4":{"line":12,"type":"binary-expr","locations":[{"start":{"line":12,"column":8},"end":{"line":12,"column":36},"skip":true},{"start":{"line":12,"column":40},"end":{"line":12,"column":50},"skip":true}]},"5":{"line":17,"type":"cond-expr","locations":[{"start":{"line":17,"column":34},"end":{"line":17,"column":40}},{"start":{"line":17,"column":70},"end":{"line":17,"column":74},"skip":true}]},"6":{"line":40,"type":"binary-expr","locations":[{"start":{"line":40,"column":41},"end":{"line":40,"column":60}},{"start":{"line":40,"column":64},"end":{"line":40,"column":66}}]},"7":{"line":54,"type":"if","locations":[{"start":{"line":54,"column":2},"end":{"line":54,"column":2}},{"start":{"line":54,"column":2},"end":{"line":54,"column":2}}]},"8":{"line":57,"type":"if","locations":[{"start":{"line":57,"column":3},"end":{"line":57,"column":3}},{"start":{"line":57,"column":3},"end":{"line":57,"column":3}}]},"9":{"line":79,"type":"if","locations":[{"start":{"line":79,"column":2},"end":{"line":79,"column":2}},{"start":{"line":79,"column":2},"end":{"line":79,"column":2}}]}},"l":{"1":56,"4":56,"7":56,"8":56,"12":56,"13":54,"16":56,"26":1,"27":61,"30":56,"40":191,"42":191,"52":23,"54":23,"55":19,"57":19,"58":18,"60":1,"65":4,"77":160,"79":160,"84":29,"86":29,"87":27,"89":27,"92":131,"98":56}},
"/Users/ivan/Liferay/Javascript/liferay-amd-loader/umd/config-parser.js":{"path":"/Users/ivan/Liferay/Javascript/liferay-amd-loader/umd/config-parser.js","s":{"1":56,"2":56,"3":56,"4":56,"5":56,"6":54,"7":56,"8":1,"9":80,"10":80,"11":80,"12":80,"13":56,"14":1174,"15":1174,"16":71,"17":282,"18":282,"19":1103,"20":1174,"21":1174,"22":345,"23":142,"24":623,"25":257,"26":33,"27":224,"28":224,"29":120,"30":104,"31":224,"32":6,"33":224,"34":222,"35":224,"36":228,"37":284,"38":284,"39":284,"40":281,"41":284,"42":251,"43":284,"44":284,"45":532,"46":532,"47":532,"48":7,"49":3,"50":281,"51":509,"52":509,"53":509,"54":507,"55":0,"56":507,"57":30,"58":251,"59":3,"60":80,"61":315,"62":315,"63":55,"64":260,"65":80,"66":55,"67":1041,"68":1041,"69":1041,"70":1041,"71":55,"72":1174,"73":17,"74":17,"75":13,"76":17,"77":56},"b":{"1":[56,0],"2":[56,56],"3":[54,2],"4":[56,54],"5":[56,0],"6":[71,1103],"7":[282,0],"8":[33,224],"9":[257,35],"10":[120,104],"11":[6,218],"12":[222,2],"13":[120,104],"14":[281,3],"15":[251,33],"16":[284,248],"17":[532,0],"18":[7,525],"19":[532,7],"20":[3,4],"21":[509,0],"22":[507,2],"23":[0,507],"24":[30,477],"25":[507,484],"26":[3,248],"27":[315,0],"28":[55,260],"29":[1041,0],"30":[17,1157],"31":[13,4]},"f":{"1":56,"2":56,"3":80,"4":1174,"5":345,"6":142,"7":623,"8":257,"9":228,"10":284,"11":284,"12":281,"13":251,"14":80,"15":55,"16":1174},"fnMap":{"1":{"name":"(anonymous_1)","line":1,"loc":{"start":{"line":1,"column":1},"end":{"line":1,"column":28}}},"2":{"name":"(anonymous_2)","line":17,"loc":{"start":{"line":17,"column":76},"end":{"line":17,"column":94}}},"3":{"name":"ConfigParser","line":27,"loc":{"start":{"line":27,"column":0},"end":{"line":27,"column":30}}},"4":{"name":"(anonymous_4)","line":53,"loc":{"start":{"line":53,"column":12},"end":{"line":53,"column":29}}},"5":{"name":"(anonymous_5)","line":80,"loc":{"start":{"line":80,"column":12},"end":{"line":80,"column":23}}},"6":{"name":"(anonymous_6)","line":89,"loc":{"start":{"line":89,"column":24},"end":{"line":89,"column":35}}},"7":{"name":"(anonymous_7)","line":98,"loc":{"start":{"line":98,"column":13},"end":{"line":98,"column":24}}},"8":{"name":"(anonymous_8)","line":122,"loc":{"start":{"line":122,"column":12},"end":{"line":122,"column":41}}},"9":{"name":"(anonymous_9)","line":154,"loc":{"start":{"line":154,"column":19},"end":{"line":154,"column":34}}},"10":{"name":"(anonymous_10)","line":155,"loc":{"start":{"line":155,"column":9},"end":{"line":155,"column":26}}},"11":{"name":"(anonymous_11)","line":185,"loc":{"start":{"line":185,"column":17},"end":{"line":185,"column":40}}},"12":{"name":"(anonymous_12)","line":209,"loc":{"start":{"line":209,"column":19},"end":{"line":209,"column":42}}},"13":{"name":"(anonymous_13)","line":237,"loc":{"start":{"line":237,"column":20},"end":{"line":237,"column":43}}},"14":{"name":"(anonymous_14)","line":250,"loc":{"start":{"line":250,"column":15},"end":{"line":250,"column":32}}},"15":{"name":"(anonymous_15)","line":272,"loc":{"start":{"line":272,"column":16},"end":{"line":272,"column":34}}},"16":{"name":"(anonymous_16)","line":293,"loc":{"start":{"line":293,"column":29},"end":{"line":293,"column":46}}}},"statementMap":{"1":{"start":{"line":1,"column":0},"end":{"line":313,"column":4}},"2":{"start":{"line":4,"column":4},"end":{"line":4,"column":32}},"3":{"start":{"line":7,"column":4},"end":{"line":9,"column":5}},"4":{"start":{"line":8,"column":8},"end":{"line":8,"column":31}},"5":{"start":{"line":12,"column":4},"end":{"line":14,"column":5},"skip":true},"6":{"start":{"line":13,"column":8},"end":{"line":13,"column":24},"skip":true},"7":{"start":{"line":16,"column":4},"end":{"line":16,"column":32}},"8":{"start":{"line":27,"column":0},"end":{"line":33,"column":1}},"9":{"start":{"line":28,"column":1},"end":{"line":28,"column":19}},"10":{"start":{"line":29,"column":1},"end":{"line":29,"column":20}},"11":{"start":{"line":30,"column":1},"end":{"line":30,"column":31}},"12":{"start":{"line":32,"column":1},"end":{"line":32,"column":27}},"13":{"start":{"line":35,"column":0},"end":{"line":309,"column":2}},"14":{"start":{"line":58,"column":2},"end":{"line":58,"column":52}},"15":{"start":{"line":60,"column":2},"end":{"line":68,"column":3}},"16":{"start":{"line":61,"column":3},"end":{"line":65,"column":4}},"17":{"start":{"line":62,"column":4},"end":{"line":64,"column":5}},"18":{"start":{"line":63,"column":5},"end":{"line":63,"column":41}},"19":{"start":{"line":67,"column":3},"end":{"line":67,"column":39}},"20":{"start":{"line":70,"column":2},"end":{"line":70,"column":42}},"21":{"start":{"line":72,"column":2},"end":{"line":72,"column":36}},"22":{"start":{"line":81,"column":2},"end":{"line":81,"column":22}},"23":{"start":{"line":90,"column":2},"end":{"line":90,"column":34}},"24":{"start":{"line":99,"column":2},"end":{"line":99,"column":23}},"25":{"start":{"line":123,"column":2},"end":{"line":125,"column":3}},"26":{"start":{"line":124,"column":3},"end":{"line":124,"column":17}},"27":{"start":{"line":127,"column":2},"end":{"line":127,"column":14}},"28":{"start":{"line":129,"column":2},"end":{"line":133,"column":3}},"29":{"start":{"line":130,"column":3},"end":{"line":130,"column":20}},"30":{"start":{"line":132,"column":3},"end":{"line":132,"column":22}},"31":{"start":{"line":135,"column":2},"end":{"line":137,"column":3}},"32":{"start":{"line":136,"column":3},"end":{"line":136,"column":60}},"33":{"start":{"line":139,"column":2},"end":{"line":141,"column":3}},"34":{"start":{"line":140,"column":3},"end":{"line":140,"column":67}},"35":{"start":{"line":143,"column":2},"end":{"line":143,"column":54}},"36":{"start":{"line":155,"column":2},"end":{"line":173,"column":15}},"37":{"start":{"line":156,"column":3},"end":{"line":156,"column":13}},"38":{"start":{"line":158,"column":3},"end":{"line":158,"column":45}},"39":{"start":{"line":162,"column":3},"end":{"line":164,"column":4}},"40":{"start":{"line":163,"column":4},"end":{"line":163,"column":48}},"41":{"start":{"line":168,"column":3},"end":{"line":170,"column":4}},"42":{"start":{"line":169,"column":4},"end":{"line":169,"column":49}},"43":{"start":{"line":172,"column":3},"end":{"line":172,"column":26}},"44":{"start":{"line":186,"column":2},"end":{"line":197,"column":3}},"45":{"start":{"line":188,"column":3},"end":{"line":196,"column":4}},"46":{"start":{"line":189,"column":4},"end":{"line":189,"column":33}},"47":{"start":{"line":191,"column":4},"end":{"line":195,"column":5}},"48":{"start":{"line":192,"column":5},"end":{"line":194,"column":6}},"49":{"start":{"line":193,"column":6},"end":{"line":193,"column":30}},"50":{"start":{"line":210,"column":2},"end":{"line":225,"column":3}},"51":{"start":{"line":212,"column":3},"end":{"line":224,"column":4}},"52":{"start":{"line":213,"column":4},"end":{"line":213,"column":33}},"53":{"start":{"line":215,"column":4},"end":{"line":223,"column":5}},"54":{"start":{"line":216,"column":5},"end":{"line":218,"column":6}},"55":{"start":{"line":217,"column":6},"end":{"line":217,"column":36}},"56":{"start":{"line":220,"column":5},"end":{"line":222,"column":6}},"57":{"start":{"line":221,"column":6},"end":{"line":221,"column":57}},"58":{"start":{"line":238,"column":2},"end":{"line":240,"column":3}},"59":{"start":{"line":239,"column":3},"end":{"line":239,"column":28}},"60":{"start":{"line":251,"column":2},"end":{"line":260,"column":3}},"61":{"start":{"line":253,"column":3},"end":{"line":259,"column":4}},"62":{"start":{"line":254,"column":4},"end":{"line":258,"column":5}},"63":{"start":{"line":255,"column":5},"end":{"line":255,"column":37}},"64":{"start":{"line":257,"column":5},"end":{"line":257,"column":37}},"65":{"start":{"line":262,"column":2},"end":{"line":262,"column":22}},"66":{"start":{"line":273,"column":2},"end":{"line":282,"column":3}},"67":{"start":{"line":275,"column":3},"end":{"line":281,"column":4}},"68":{"start":{"line":276,"column":4},"end":{"line":276,"column":30}},"69":{"start":{"line":278,"column":4},"end":{"line":278,"column":22}},"70":{"start":{"line":280,"column":4},"end":{"line":280,"column":27}},"71":{"start":{"line":284,"column":2},"end":{"line":284,"column":23}},"72":{"start":{"line":295,"column":2},"end":{"line":307,"column":3}},"73":{"start":{"line":296,"column":3},"end":{"line":298,"column":5}},"74":{"start":{"line":300,"column":3},"end":{"line":304,"column":4}},"75":{"start":{"line":301,"column":4},"end":{"line":303,"column":29}},"76":{"start":{"line":306,"column":3},"end":{"line":306,"column":37}},"77":{"start":{"line":312,"column":4},"end":{"line":312,"column":24}}},"branchMap":{"1":{"line":7,"type":"if","locations":[{"start":{"line":7,"column":4},"end":{"line":7,"column":4}},{"start":{"line":7,"column":4},"end":{"line":7,"column":4},"skip":true}]},"2":{"line":7,"type":"binary-expr","locations":[{"start":{"line":7,"column":8},"end":{"line":7,"column":34}},{"start":{"line":7,"column":38},"end":{"line":7,"column":44}}]},"3":{"line":12,"type":"if","locations":[{"start":{"line":12,"column":4},"end":{"line":12,"column":4},"skip":true},{"start":{"line":12,"column":4},"end":{"line":12,"column":4},"skip":true}]},"4":{"line":12,"type":"binary-expr","locations":[{"start":{"line":12,"column":8},"end":{"line":12,"column":36},"skip":true},{"start":{"line":12,"column":40},"end":{"line":12,"column":50},"skip":true}]},"5":{"line":17,"type":"cond-expr","locations":[{"start":{"line":17,"column":34},"end":{"line":17,"column":40}},{"start":{"line":17,"column":70},"end":{"line":17,"column":74},"skip":true}]},"6":{"line":60,"type":"if","locations":[{"start":{"line":60,"column":2},"end":{"line":60,"column":2}},{"start":{"line":60,"column":2},"end":{"line":60,"column":2}}]},"7":{"line":62,"type":"if","locations":[{"start":{"line":62,"column":4},"end":{"line":62,"column":4}},{"start":{"line":62,"column":4},"end":{"line":62,"column":4}}]},"8":{"line":123,"type":"if","locations":[{"start":{"line":123,"column":2},"end":{"line":123,"column":2}},{"start":{"line":123,"column":2},"end":{"line":123,"column":2}}]},"9":{"line":123,"type":"binary-expr","locations":[{"start":{"line":123,"column":6},"end":{"line":123,"column":24}},{"start":{"line":123,"column":28},"end":{"line":123,"column":39}}]},"10":{"line":129,"type":"if","locations":[{"start":{"line":129,"column":2},"end":{"line":129,"column":2}},{"start":{"line":129,"column":2},"end":{"line":129,"column":2}}]},"11":{"line":135,"type":"if","locations":[{"start":{"line":135,"column":2},"end":{"line":135,"column":2}},{"start":{"line":135,"column":2},"end":{"line":135,"column":2}}]},"12":{"line":139,"type":"if","locations":[{"start":{"line":139,"column":2},"end":{"line":139,"column":2}},{"start":{"line":139,"column":2},"end":{"line":139,"column":2}}]},"13":{"line":143,"type":"cond-expr","locations":[{"start":{"line":143,"column":33},"end":{"line":143,"column":40}},{"start":{"line":143,"column":43},"end":{"line":143,"column":53}}]},"14":{"line":162,"type":"if","locations":[{"start":{"line":162,"column":3},"end":{"line":162,"column":3}},{"start":{"line":162,"column":3},"end":{"line":162,"column":3}}]},"15":{"line":168,"type":"if","locations":[{"start":{"line":168,"column":3},"end":{"line":168,"column":3}},{"start":{"line":168,"column":3},"end":{"line":168,"column":3}}]},"16":{"line":172,"type":"binary-expr","locations":[{"start":{"line":172,"column":10},"end":{"line":172,"column":15}},{"start":{"line":172,"column":19},"end":{"line":172,"column":25}}]},"17":{"line":188,"type":"if","locations":[{"start":{"line":188,"column":3},"end":{"line":188,"column":3}},{"start":{"line":188,"column":3},"end":{"line":188,"column":3},"skip":true}]},"18":{"line":191,"type":"if","locations":[{"start":{"line":191,"column":4},"end":{"line":191,"column":4}},{"start":{"line":191,"column":4},"end":{"line":191,"column":4}}]},"19":{"line":191,"type":"binary-expr","locations":[{"start":{"line":191,"column":8},"end":{"line":191,"column":24}},{"start":{"line":191,"column":28},"end":{"line":191,"column":49}}]},"20":{"line":192,"type":"if","locations":[{"start":{"line":192,"column":5},"end":{"line":192,"column":5}},{"start":{"line":192,"column":5},"end":{"line":192,"column":5}}]},"21":{"line":212,"type":"if","locations":[{"start":{"line":212,"column":3},"end":{"line":212,"column":3}},{"start":{"line":212,"column":3},"end":{"line":212,"column":3},"skip":true}]},"22":{"line":215,"type":"if","locations":[{"start":{"line":215,"column":4},"end":{"line":215,"column":4}},{"start":{"line":215,"column":4},"end":{"line":215,"column":4}}]},"23":{"line":216,"type":"if","locations":[{"start":{"line":216,"column":5},"end":{"line":216,"column":5}},{"start":{"line":216,"column":5},"end":{"line":216,"column":5}}]},"24":{"line":220,"type":"if","locations":[{"start":{"line":220,"column":5},"end":{"line":220,"column":5}},{"start":{"line":220,"column":5},"end":{"line":220,"column":5}}]},"25":{"line":220,"type":"binary-expr","locations":[{"start":{"line":220,"column":9},"end":{"line":220,"column":25}},{"start":{"line":220,"column":29},"end":{"line":220,"column":62}}]},"26":{"line":238,"type":"if","locations":[{"start":{"line":238,"column":2},"end":{"line":238,"column":2}},{"start":{"line":238,"column":2},"end":{"line":238,"column":2}}]},"27":{"line":253,"type":"if","locations":[{"start":{"line":253,"column":3},"end":{"line":253,"column":3}},{"start":{"line":253,"column":3},"end":{"line":253,"column":3},"skip":true}]},"28":{"line":254,"type":"if","locations":[{"start":{"line":254,"column":4},"end":{"line":254,"column":4}},{"start":{"line":254,"column":4},"end":{"line":254,"column":4}}]},"29":{"line":275,"type":"if","locations":[{"start":{"line":275,"column":3},"end":{"line":275,"column":3}},{"start":{"line":275,"column":3},"end":{"line":275,"column":3},"skip":true}]},"30":{"line":295,"type":"if","locations":[{"start":{"line":295,"column":2},"end":{"line":295,"column":2}},{"start":{"line":295,"column":2},"end":{"line":295,"column":2}}]},"31":{"line":300,"type":"if","locations":[{"start":{"line":300,"column":3},"end":{"line":300,"column":3}},{"start":{"line":300,"column":3},"end":{"line":300,"column":3}}]}},"l":{"1":56,"4":56,"7":56,"8":56,"12":56,"13":54,"16":56,"27":1,"28":80,"29":80,"30":80,"32":80,"35":56,"58":1174,"60":1174,"61":71,"62":282,"63":282,"67":1103,"70":1174,"72":1174,"81":345,"90":142,"99":623,"123":257,"124":33,"127":224,"129":224,"130":120,"132":104,"135":224,"136":6,"139":224,"140":222,"143":224,"155":228,"156":284,"158":284,"162":284,"163":281,"168":284,"169":251,"172":284,"186":284,"188":532,"189":532,"191":532,"192":7,"193":3,"210":281,"212":509,"213":509,"215":509,"216":507,"217":0,"220":507,"221":30,"238":251,"239":3,"251":80,"253":315,"254":315,"255":55,"257":260,"262":80,"273":55,"275":1041,"276":1041,"278":1041,"280":1041,"284":55,"295":1174,"296":17,"300":17,"301":13,"306":17,"312":56}},
"/Users/ivan/Liferay/Javascript/liferay-amd-loader/umd/dependency-builder.js":{"path":"/Users/ivan/Liferay/Javascript/liferay-amd-loader/umd/dependency-builder.js","s":{"1":1,"2":1,"3":1,"4":1,"5":1,"6":0,"7":1,"8":1,"9":1,"10":53,"11":53,"12":53,"13":1,"14":67,"15":67,"16":67,"17":67,"18":64,"19":67,"20":64,"21":67,"22":67,"23":1200,"24":1200,"25":1200,"26":1200,"27":1200,"28":67,"29":67,"30":140,"31":140,"32":5,"33":5,"34":6,"35":6,"36":4,"37":5,"38":67,"39":67,"40":79,"41":79,"42":22,"43":79,"44":77,"45":6,"46":1,"47":5,"48":143,"49":3,"50":140,"51":140,"52":129,"53":129,"54":129,"55":118,"56":118,"57":52,"58":66,"59":66,"60":66,"61":66,"62":4,"63":66,"64":123,"65":123,"66":123,"67":1},"b":{"1":[1,0],"2":[1,1],"3":[0,1],"4":[1,0],"5":[1,0],"6":[1200,0],"7":[5,135],"8":[140,6],"9":[4,2],"10":[6,6],"11":[22,57],"12":[77,2],"13":[1,5],"14":[3,140],"15":[129,11],"16":[52,66],"17":[118,113,77],"18":[4,62]},"f":{"1":1,"2":1,"3":53,"4":67,"5":67,"6":140,"7":67,"8":6,"9":143},"fnMap":{"1":{"name":"(anonymous_1)","line":1,"loc":{"start":{"line":1,"column":1},"end":{"line":1,"column":28}}},"2":{"name":"(anonymous_2)","line":17,"loc":{"start":{"line":17,"column":76},"end":{"line":17,"column":94}}},"3":{"name":"DependencyBuilder","line":29,"loc":{"start":{"line":29,"column":0},"end":{"line":29,"column":41}}},"4":{"name":"(anonymous_4)","line":45,"loc":{"start":{"line":45,"column":22},"end":{"line":45,"column":40}}},"5":{"name":"(anonymous_5)","line":70,"loc":{"start":{"line":70,"column":11},"end":{"line":70,"column":22}}},"6":{"name":"(anonymous_6)","line":97,"loc":{"start":{"line":97,"column":29},"end":{"line":97,"column":46}}},"7":{"name":"(anonymous_7)","line":132,"loc":{"start":{"line":132,"column":23},"end":{"line":132,"column":34}}},"8":{"name":"(anonymous_8)","line":162,"loc":{"start":{"line":162,"column":25},"end":{"line":162,"column":48}}},"9":{"name":"(anonymous_9)","line":178,"loc":{"start":{"line":178,"column":9},"end":{"line":178,"column":26}}}},"statementMap":{"1":{"start":{"line":1,"column":0},"end":{"line":255,"column":4}},"2":{"start":{"line":4,"column":4},"end":{"line":4,"column":32}},"3":{"start":{"line":7,"column":4},"end":{"line":9,"column":5}},"4":{"start":{"line":8,"column":8},"end":{"line":8,"column":31}},"5":{"start":{"line":12,"column":4},"end":{"line":14,"column":5},"skip":true},"6":{"start":{"line":13,"column":8},"end":{"line":13,"column":24},"skip":true},"7":{"start":{"line":16,"column":4},"end":{"line":16,"column":37}},"8":{"start":{"line":21,"column":0},"end":{"line":21,"column":53}},"9":{"start":{"line":29,"column":0},"end":{"line":34,"column":1}},"10":{"start":{"line":30,"column":1},"end":{"line":30,"column":35}},"11":{"start":{"line":31,"column":1},"end":{"line":31,"column":48}},"12":{"start":{"line":33,"column":1},"end":{"line":33,"column":19}},"13":{"start":{"line":36,"column":0},"end":{"line":251,"column":2}},"14":{"start":{"line":48,"column":2},"end":{"line":48,"column":33}},"15":{"start":{"line":50,"column":2},"end":{"line":50,"column":13}},"16":{"start":{"line":52,"column":2},"end":{"line":60,"column":3}},"17":{"start":{"line":53,"column":3},"end":{"line":53,"column":31}},"18":{"start":{"line":57,"column":3},"end":{"line":57,"column":44}},"19":{"start":{"line":59,"column":3},"end":{"line":59,"column":19}},"20":{"start":{"line":62,"column":2},"end":{"line":62,"column":16}},"21":{"start":{"line":71,"column":2},"end":{"line":71,"column":48}},"22":{"start":{"line":75,"column":2},"end":{"line":84,"column":3}},"23":{"start":{"line":77,"column":3},"end":{"line":83,"column":4}},"24":{"start":{"line":78,"column":4},"end":{"line":78,"column":30}},"25":{"start":{"line":80,"column":4},"end":{"line":80,"column":35}},"26":{"start":{"line":81,"column":4},"end":{"line":81,"column":24}},"27":{"start":{"line":82,"column":4},"end":{"line":82,"column":27}},"28":{"start":{"line":86,"column":2},"end":{"line":86,"column":25}},"29":{"start":{"line":87,"column":2},"end":{"line":87,"column":26}},"30":{"start":{"line":98,"column":2},"end":{"line":100,"column":4}},"31":{"start":{"line":104,"column":2},"end":{"line":121,"column":3}},"32":{"start":{"line":105,"column":3},"end":{"line":105,"column":49}},"33":{"start":{"line":107,"column":3},"end":{"line":118,"column":4}},"34":{"start":{"line":108,"column":4},"end":{"line":108,"column":59}},"35":{"start":{"line":110,"column":4},"end":{"line":117,"column":5}},"36":{"start":{"line":116,"column":5},"end":{"line":116,"column":46}},"37":{"start":{"line":120,"column":3},"end":{"line":120,"column":33}},"38":{"start":{"line":135,"column":2},"end":{"line":135,"column":48}},"39":{"start":{"line":137,"column":2},"end":{"line":152,"column":3}},"40":{"start":{"line":138,"column":3},"end":{"line":138,"column":40}},"41":{"start":{"line":142,"column":3},"end":{"line":147,"column":4}},"42":{"start":{"line":143,"column":4},"end":{"line":146,"column":7}},"43":{"start":{"line":149,"column":3},"end":{"line":151,"column":4}},"44":{"start":{"line":150,"column":4},"end":{"line":150,"column":24}},"45":{"start":{"line":163,"column":2},"end":{"line":167,"column":3}},"46":{"start":{"line":164,"column":3},"end":{"line":164,"column":25}},"47":{"start":{"line":166,"column":3},"end":{"line":166,"column":45}},"48":{"start":{"line":180,"column":2},"end":{"line":187,"column":3}},"49":{"start":{"line":181,"column":3},"end":{"line":186,"column":5}},"50":{"start":{"line":190,"column":2},"end":{"line":190,"column":42}},"51":{"start":{"line":192,"column":2},"end":{"line":238,"column":3}},"52":{"start":{"line":193,"column":3},"end":{"line":193,"column":25}},"53":{"start":{"line":195,"column":3},"end":{"line":195,"column":49}},"54":{"start":{"line":197,"column":3},"end":{"line":231,"column":4}},"55":{"start":{"line":198,"column":4},"end":{"line":198,"column":48}},"56":{"start":{"line":200,"column":4},"end":{"line":206,"column":5}},"57":{"start":{"line":205,"column":5},"end":{"line":205,"column":14}},"58":{"start":{"line":209,"column":4},"end":{"line":212,"column":6}},"59":{"start":{"line":215,"column":4},"end":{"line":218,"column":6}},"60":{"start":{"line":219,"column":4},"end":{"line":219,"column":57}},"61":{"start":{"line":223,"column":4},"end":{"line":228,"column":5}},"62":{"start":{"line":224,"column":5},"end":{"line":227,"column":8}},"63":{"start":{"line":230,"column":4},"end":{"line":230,"column":34}},"64":{"start":{"line":233,"column":3},"end":{"line":233,"column":22}},"65":{"start":{"line":235,"column":3},"end":{"line":235,"column":26}},"66":{"start":{"line":237,"column":3},"end":{"line":237,"column":37}},"67":{"start":{"line":254,"column":4},"end":{"line":254,"column":29}}},"branchMap":{"1":{"line":7,"type":"if","locations":[{"start":{"line":7,"column":4},"end":{"line":7,"column":4}},{"start":{"line":7,"column":4},"end":{"line":7,"column":4},"skip":true}]},"2":{"line":7,"type":"binary-expr","locations":[{"start":{"line":7,"column":8},"end":{"line":7,"column":34}},{"start":{"line":7,"column":38},"end":{"line":7,"column":44}}]},"3":{"line":12,"type":"if","locations":[{"start":{"line":12,"column":4},"end":{"line":12,"column":4},"skip":true},{"start":{"line":12,"column":4},"end":{"line":12,"column":4},"skip":true}]},"4":{"line":12,"type":"binary-expr","locations":[{"start":{"line":12,"column":8},"end":{"line":12,"column":36},"skip":true},{"start":{"line":12,"column":40},"end":{"line":12,"column":50},"skip":true}]},"5":{"line":17,"type":"cond-expr","locations":[{"start":{"line":17,"column":34},"end":{"line":17,"column":40}},{"start":{"line":17,"column":70},"end":{"line":17,"column":74},"skip":true}]},"6":{"line":77,"type":"if","locations":[{"start":{"line":77,"column":3},"end":{"line":77,"column":3}},{"start":{"line":77,"column":3},"end":{"line":77,"column":3},"skip":true}]},"7":{"line":104,"type":"if","locations":[{"start":{"line":104,"column":2},"end":{"line":104,"column":2}},{"start":{"line":104,"column":2},"end":{"line":104,"column":2}}]},"8":{"line":104,"type":"binary-expr","locations":[{"start":{"line":104,"column":6},"end":{"line":104,"column":24}},{"start":{"line":104,"column":28},"end":{"line":104,"column":51}}]},"9":{"line":110,"type":"if","locations":[{"start":{"line":110,"column":4},"end":{"line":110,"column":4}},{"start":{"line":110,"column":4},"end":{"line":110,"column":4}}]},"10":{"line":111,"type":"binary-expr","locations":[{"start":{"line":111,"column":5},"end":{"line":111,"column":55}},{"start":{"line":112,"column":5},"end":{"line":114,"column":6}}]},"11":{"line":142,"type":"if","locations":[{"start":{"line":142,"column":3},"end":{"line":142,"column":3}},{"start":{"line":142,"column":3},"end":{"line":142,"column":3}}]},"12":{"line":149,"type":"if","locations":[{"start":{"line":149,"column":3},"end":{"line":149,"column":3}},{"start":{"line":149,"column":3},"end":{"line":149,"column":3}}]},"13":{"line":163,"type":"if","locations":[{"start":{"line":163,"column":2},"end":{"line":163,"column":2}},{"start":{"line":163,"column":2},"end":{"line":163,"column":2}}]},"14":{"line":180,"type":"if","locations":[{"start":{"line":180,"column":2},"end":{"line":180,"column":2}},{"start":{"line":180,"column":2},"end":{"line":180,"column":2}}]},"15":{"line":192,"type":"if","locations":[{"start":{"line":192,"column":2},"end":{"line":192,"column":2}},{"start":{"line":192,"column":2},"end":{"line":192,"column":2}}]},"16":{"line":200,"type":"if","locations":[{"start":{"line":200,"column":4},"end":{"line":200,"column":4}},{"start":{"line":200,"column":4},"end":{"line":200,"column":4}}]},"17":{"line":201,"type":"binary-expr","locations":[{"start":{"line":201,"column":5},"end":{"line":201,"column":33}},{"start":{"line":202,"column":5},"end":{"line":202,"column":33}},{"start":{"line":203,"column":5},"end":{"line":203,"column":32}}]},"18":{"line":223,"type":"if","locations":[{"start":{"line":223,"column":4},"end":{"line":223,"column":4}},{"start":{"line":223,"column":4},"end":{"line":223,"column":4}}]}},"l":{"1":1,"4":1,"7":1,"8":1,"12":1,"13":1,"16":1,"21":1,"29":1,"30":53,"31":53,"33":53,"36":1,"48":67,"50":67,"52":67,"53":67,"57":64,"59":67,"62":64,"71":67,"75":67,"77":1200,"78":1200,"80":1200,"81":1200,"82":1200,"86":67,"87":67,"98":140,"104":140,"105":5,"107":5,"108":6,"110":6,"116":4,"120":5,"135":67,"137":67,"138":79,"142":79,"143":22,"149":79,"150":77,"163":6,"164":1,"166":5,"180":143,"181":3,"190":140,"192":140,"193":129,"195":129,"197":129,"198":118,"200":118,"205":52,"209":66,"215":66,"219":66,"223":66,"224":4,"230":66,"233":123,"235":123,"237":123,"254":1}},
"/Users/ivan/Liferay/Javascript/liferay-amd-loader/umd/path-resolver.js":{"path":"/Users/ivan/Liferay/Javascript/liferay-amd-loader/umd/path-resolver.js","s":{"1":1,"2":1,"3":1,"4":1,"5":1,"6":0,"7":1,"8":1,"9":1,"10":210,"11":182,"12":28,"13":28,"14":28,"15":28,"16":28,"17":43,"18":43,"19":17,"20":26,"21":20,"22":19,"23":1,"24":1,"25":6,"26":28,"27":28,"28":1},"b":{"1":[1,0],"2":[1,1],"3":[0,1],"4":[1,0],"5":[1,0],"6":[182,28],"7":[210,203,139,120],"8":[120,92],"9":[17,26],"10":[20,6],"11":[19,1]},"f":{"1":1,"2":1,"3":93,"4":210},"fnMap":{"1":{"name":"(anonymous_1)","line":1,"loc":{"start":{"line":1,"column":1},"end":{"line":1,"column":28}}},"2":{"name":"(anonymous_2)","line":17,"loc":{"start":{"line":17,"column":76},"end":{"line":17,"column":94}}},"3":{"name":"PathResolver","line":26,"loc":{"start":{"line":26,"column":0},"end":{"line":26,"column":24}}},"4":{"name":"(anonymous_4)","line":38,"loc":{"start":{"line":38,"column":14},"end":{"line":38,"column":41}}}},"statementMap":{"1":{"start":{"line":1,"column":0},"end":{"line":84,"column":4}},"2":{"start":{"line":4,"column":4},"end":{"line":4,"column":32}},"3":{"start":{"line":7,"column":4},"end":{"line":9,"column":5}},"4":{"start":{"line":8,"column":8},"end":{"line":8,"column":31}},"5":{"start":{"line":12,"column":4},"end":{"line":14,"column":5},"skip":true},"6":{"start":{"line":13,"column":8},"end":{"line":13,"column":24},"skip":true},"7":{"start":{"line":16,"column":4},"end":{"line":16,"column":32}},"8":{"start":{"line":26,"column":0},"end":{"line":26,"column":26}},"9":{"start":{"line":28,"column":0},"end":{"line":80,"column":2}},"10":{"start":{"line":39,"column":2},"end":{"line":46,"column":3}},"11":{"start":{"line":45,"column":3},"end":{"line":45,"column":21}},"12":{"start":{"line":49,"column":2},"end":{"line":49,"column":36}},"13":{"start":{"line":51,"column":2},"end":{"line":51,"column":28}},"14":{"start":{"line":54,"column":2},"end":{"line":54,"column":46}},"15":{"start":{"line":56,"column":2},"end":{"line":56,"column":53}},"16":{"start":{"line":58,"column":2},"end":{"line":74,"column":3}},"17":{"start":{"line":59,"column":3},"end":{"line":59,"column":43}},"18":{"start":{"line":61,"column":3},"end":{"line":73,"column":4}},"19":{"start":{"line":62,"column":4},"end":{"line":62,"column":13}},"20":{"start":{"line":63,"column":10},"end":{"line":73,"column":4}},"21":{"start":{"line":64,"column":4},"end":{"line":70,"column":5}},"22":{"start":{"line":65,"column":5},"end":{"line":65,"column":31}},"23":{"start":{"line":67,"column":5},"end":{"line":67,"column":64}},"24":{"start":{"line":69,"column":5},"end":{"line":69,"column":11}},"25":{"start":{"line":72,"column":4},"end":{"line":72,"column":37}},"26":{"start":{"line":76,"column":2},"end":{"line":76,"column":35}},"27":{"start":{"line":78,"column":2},"end":{"line":78,"column":31}},"28":{"start":{"line":83,"column":4},"end":{"line":83,"column":24}}},"branchMap":{"1":{"line":7,"type":"if","locations":[{"start":{"line":7,"column":4},"end":{"line":7,"column":4}},{"start":{"line":7,"column":4},"end":{"line":7,"column":4},"skip":true}]},"2":{"line":7,"type":"binary-expr","locations":[{"start":{"line":7,"column":8},"end":{"line":7,"column":34}},{"start":{"line":7,"column":38},"end":{"line":7,"column":44}}]},"3":{"line":12,"type":"if","locations":[{"start":{"line":12,"column":4},"end":{"line":12,"column":4},"skip":true},{"start":{"line":12,"column":4},"end":{"line":12,"column":4},"skip":true}]},"4":{"line":12,"type":"binary-expr","locations":[{"start":{"line":12,"column":8},"end":{"line":12,"column":36},"skip":true},{"start":{"line":12,"column":40},"end":{"line":12,"column":50},"skip":true}]},"5":{"line":17,"type":"cond-expr","locations":[{"start":{"line":17,"column":34},"end":{"line":17,"column":40}},{"start":{"line":17,"column":70},"end":{"line":17,"column":74},"skip":true}]},"6":{"line":39,"type":"if","locations":[{"start":{"line":39,"column":2},"end":{"line":39,"column":2}},{"start":{"line":39,"column":2},"end":{"line":39,"column":2}}]},"7":{"line":40,"type":"binary-expr","locations":[{"start":{"line":40,"column":3},"end":{"line":40,"column":27}},{"start":{"line":41,"column":3},"end":{"line":41,"column":27}},{"start":{"line":42,"column":3},"end":{"line":42,"column":26}},{"start":{"line":43,"column":3},"end":{"line":43,"column":69}}]},"8":{"line":43,"type":"binary-expr","locations":[{"start":{"line":43,"column":5},"end":{"line":43,"column":34}},{"start":{"line":43,"column":38},"end":{"line":43,"column":68}}]},"9":{"line":61,"type":"if","locations":[{"start":{"line":61,"column":3},"end":{"line":61,"column":3}},{"start":{"line":61,"column":3},"end":{"line":61,"column":3}}]},"10":{"line":63,"type":"if","locations":[{"start":{"line":63,"column":10},"end":{"line":63,"column":10}},{"start":{"line":63,"column":10},"end":{"line":63,"column":10}}]},"11":{"line":64,"type":"if","locations":[{"start":{"line":64,"column":4},"end":{"line":64,"column":4}},{"start":{"line":64,"column":4},"end":{"line":64,"column":4}}]}},"l":{"1":1,"4":1,"7":1,"8":1,"12":1,"13":1,"16":1,"26":1,"28":1,"39":210,"45":182,"49":28,"51":28,"54":28,"56":28,"58":28,"59":43,"61":43,"62":17,"63":26,"64":20,"65":19,"67":1,"69":1,"72":6,"76":28,"78":28,"83":1}},
"/Users/ivan/Liferay/Javascript/liferay-amd-loader/umd/url-builder.js":{"path":"/Users/ivan/Liferay/Javascript/liferay-amd-loader/umd/url-builder.js","s":{"1":1,"2":1,"3":1,"4":1,"5":1,"6":0,"7":1,"8":1,"9":1,"10":52,"11":1,"12":64,"13":64,"14":64,"15":64,"16":64,"17":64,"18":64,"19":64,"20":64,"21":61,"22":64,"23":122,"24":122,"25":1,"26":121,"27":121,"28":121,"29":7,"30":114,"31":89,"32":25,"33":8,"34":8,"35":17,"36":17,"37":122,"38":64,"39":8,"40":8,"41":64,"42":3,"43":3,"44":64,"45":11,"46":11,"47":11,"48":11,"49":11,"50":11,"51":14,"52":14,"53":14,"54":11,"55":11,"56":3,"57":3,"58":11,"59":11,"60":11,"61":121,"62":121,"63":121,"64":121,"65":20,"66":7,"67":121,"68":2,"69":121,"70":73,"71":121,"72":108,"73":108,"74":108,"75":108,"76":106,"77":2,"78":2,"79":2,"80":1},"b":{"1":[1,0],"2":[1,1],"3":[0,1],"4":[1,0],"5":[1,0],"6":[64,3],"7":[61,3],"8":[64,61],"9":[1,121],"10":[7,114],"11":[89,25],"12":[114,26],"13":[10,79],"14":[8,17],"15":[8,56],"16":[3,61],"17":[11,4],"18":[11,9],"19":[11,3],"20":[121,67],"21":[121,46],"22":[7,13],"23":[20,14],"24":[2,119],"25":[121,121],"26":[73,48],"27":[121,114],"28":[108,106],"29":[106,2],"30":[1,1]},"f":{"1":1,"2":1,"3":52,"4":64,"5":11,"6":121,"7":20,"8":108,"9":2},"fnMap":{"1":{"name":"(anonymous_1)","line":1,"loc":{"start":{"line":1,"column":1},"end":{"line":1,"column":28}}},"2":{"name":"(anonymous_2)","line":17,"loc":{"start":{"line":17,"column":76},"end":{"line":17,"column":94}}},"3":{"name":"URLBuilder","line":31,"loc":{"start":{"line":31,"column":0},"end":{"line":31,"column":34}}},"4":{"name":"(anonymous_4)","line":44,"loc":{"start":{"line":44,"column":8},"end":{"line":44,"column":26}}},"5":{"name":"(anonymous_5)","line":150,"loc":{"start":{"line":150,"column":22},"end":{"line":150,"column":54}}},"6":{"name":"(anonymous_6)","line":196,"loc":{"start":{"line":196,"column":17},"end":{"line":196,"column":34}}},"7":{"name":"(anonymous_7)","line":202,"loc":{"start":{"line":202,"column":29},"end":{"line":202,"column":44}}},"8":{"name":"(anonymous_8)","line":233,"loc":{"start":{"line":233,"column":20},"end":{"line":233,"column":34}}},"9":{"name":"(anonymous_9)","line":245,"loc":{"start":{"line":245,"column":8},"end":{"line":245,"column":22}}}},"statementMap":{"1":{"start":{"line":1,"column":0},"end":{"line":256,"column":4}},"2":{"start":{"line":4,"column":4},"end":{"line":4,"column":32}},"3":{"start":{"line":7,"column":4},"end":{"line":9,"column":5}},"4":{"start":{"line":8,"column":8},"end":{"line":8,"column":31}},"5":{"start":{"line":12,"column":4},"end":{"line":14,"column":5},"skip":true},"6":{"start":{"line":13,"column":8},"end":{"line":13,"column":24},"skip":true},"7":{"start":{"line":16,"column":4},"end":{"line":16,"column":30}},"8":{"start":{"line":23,"column":0},"end":{"line":23,"column":57}},"9":{"start":{"line":31,"column":0},"end":{"line":33,"column":1}},"10":{"start":{"line":32,"column":1},"end":{"line":32,"column":35}},"11":{"start":{"line":35,"column":0},"end":{"line":252,"column":2}},"12":{"start":{"line":45,"column":2},"end":{"line":45,"column":29}},"13":{"start":{"line":46,"column":2},"end":{"line":46,"column":29}},"14":{"start":{"line":47,"column":2},"end":{"line":47,"column":30}},"15":{"start":{"line":48,"column":2},"end":{"line":48,"column":30}},"16":{"start":{"line":49,"column":2},"end":{"line":49,"column":18}},"17":{"start":{"line":51,"column":2},"end":{"line":51,"column":46}},"18":{"start":{"line":53,"column":2},"end":{"line":53,"column":39}},"19":{"start":{"line":54,"column":2},"end":{"line":54,"column":58}},"20":{"start":{"line":57,"column":2},"end":{"line":59,"column":3}},"21":{"start":{"line":58,"column":3},"end":{"line":58,"column":19}},"22":{"start":{"line":61,"column":2},"end":{"line":106,"column":3}},"23":{"start":{"line":62,"column":3},"end":{"line":62,"column":46}},"24":{"start":{"line":65,"column":3},"end":{"line":103,"column":4}},"25":{"start":{"line":66,"column":4},"end":{"line":69,"column":7}},"26":{"start":{"line":71,"column":4},"end":{"line":71,"column":43}},"27":{"start":{"line":72,"column":4},"end":{"line":72,"column":47}},"28":{"start":{"line":75,"column":4},"end":{"line":102,"column":5}},"29":{"start":{"line":76,"column":5},"end":{"line":79,"column":8}},"30":{"start":{"line":84,"column":11},"end":{"line":102,"column":5}},"31":{"start":{"line":85,"column":5},"end":{"line":90,"column":8}},"32":{"start":{"line":95,"column":5},"end":{"line":101,"column":6}},"33":{"start":{"line":96,"column":6},"end":{"line":96,"column":35}},"34":{"start":{"line":97,"column":6},"end":{"line":97,"column":43}},"35":{"start":{"line":99,"column":6},"end":{"line":99,"column":35}},"36":{"start":{"line":100,"column":6},"end":{"line":100,"column":43}},"37":{"start":{"line":105,"column":3},"end":{"line":105,"column":27}},"38":{"start":{"line":109,"column":2},"end":{"line":122,"column":3}},"39":{"start":{"line":110,"column":3},"end":{"line":120,"column":5}},"40":{"start":{"line":121,"column":3},"end":{"line":121,"column":32}},"41":{"start":{"line":124,"column":2},"end":{"line":136,"column":3}},"42":{"start":{"line":125,"column":3},"end":{"line":134,"column":5}},"43":{"start":{"line":135,"column":3},"end":{"line":135,"column":32}},"44":{"start":{"line":138,"column":2},"end":{"line":138,"column":16}},"45":{"start":{"line":151,"column":2},"end":{"line":151,"column":8}},"46":{"start":{"line":152,"column":2},"end":{"line":152,"column":39}},"47":{"start":{"line":153,"column":2},"end":{"line":153,"column":18}},"48":{"start":{"line":154,"column":2},"end":{"line":154,"column":49}},"49":{"start":{"line":156,"column":2},"end":{"line":159,"column":4}},"50":{"start":{"line":161,"column":2},"end":{"line":179,"column":3}},"51":{"start":{"line":162,"column":3},"end":{"line":162,"column":27}},"52":{"start":{"line":163,"column":3},"end":{"line":163,"column":22}},"53":{"start":{"line":165,"column":3},"end":{"line":178,"column":4}},"54":{"start":{"line":169,"column":4},"end":{"line":169,"column":35}},"55":{"start":{"line":170,"column":4},"end":{"line":170,"column":43}},"56":{"start":{"line":172,"column":4},"end":{"line":172,"column":27}},"57":{"start":{"line":174,"column":4},"end":{"line":177,"column":6}},"58":{"start":{"line":181,"column":2},"end":{"line":181,"column":56}},"59":{"start":{"line":183,"column":2},"end":{"line":183,"column":25}},"60":{"start":{"line":185,"column":2},"end":{"line":185,"column":16}},"61":{"start":{"line":197,"column":2},"end":{"line":197,"column":40}},"62":{"start":{"line":199,"column":2},"end":{"line":199,"column":57}},"63":{"start":{"line":201,"column":2},"end":{"line":201,"column":20}},"64":{"start":{"line":202,"column":2},"end":{"line":207,"column":5}},"65":{"start":{"line":204,"column":3},"end":{"line":206,"column":4}},"66":{"start":{"line":205,"column":4},"end":{"line":205,"column":53}},"67":{"start":{"line":210,"column":2},"end":{"line":212,"column":3}},"68":{"start":{"line":211,"column":3},"end":{"line":211,"column":27}},"69":{"start":{"line":214,"column":2},"end":{"line":219,"column":3}},"70":{"start":{"line":218,"column":3},"end":{"line":218,"column":17}},"71":{"start":{"line":221,"column":2},"end":{"line":221,"column":14}},"72":{"start":{"line":234,"column":2},"end":{"line":234,"column":46}},"73":{"start":{"line":236,"column":2},"end":{"line":236,"column":55}},"74":{"start":{"line":238,"column":2},"end":{"line":238,"column":43}},"75":{"start":{"line":240,"column":2},"end":{"line":242,"column":3}},"76":{"start":{"line":241,"column":3},"end":{"line":241,"column":14}},"77":{"start":{"line":244,"column":2},"end":{"line":248,"column":14}},"78":{"start":{"line":246,"column":4},"end":{"line":246,"column":45}},"79":{"start":{"line":250,"column":2},"end":{"line":250,"column":65}},"80":{"start":{"line":255,"column":4},"end":{"line":255,"column":22}}},"branchMap":{"1":{"line":7,"type":"if","locations":[{"start":{"line":7,"column":4},"end":{"line":7,"column":4}},{"start":{"line":7,"column":4},"end":{"line":7,"column":4},"skip":true}]},"2":{"line":7,"type":"binary-expr","locations":[{"start":{"line":7,"column":8},"end":{"line":7,"column":34}},{"start":{"line":7,"column":38},"end":{"line":7,"column":44}}]},"3":{"line":12,"type":"if","locations":[{"start":{"line":12,"column":4},"end":{"line":12,"column":4},"skip":true},{"start":{"line":12,"column":4},"end":{"line":12,"column":4},"skip":true}]},"4":{"line":12,"type":"binary-expr","locations":[{"start":{"line":12,"column":8},"end":{"line":12,"column":36},"skip":true},{"start":{"line":12,"column":40},"end":{"line":12,"column":50},"skip":true}]},"5":{"line":17,"type":"cond-expr","locations":[{"start":{"line":17,"column":34},"end":{"line":17,"column":40}},{"start":{"line":17,"column":70},"end":{"line":17,"column":74},"skip":true}]},"6":{"line":53,"type":"binary-expr","locations":[{"start":{"line":53,"column":17},"end":{"line":53,"column":32}},{"start":{"line":53,"column":36},"end":{"line":53,"column":38}}]},"7":{"line":57,"type":"if","locations":[{"start":{"line":57,"column":2},"end":{"line":57,"column":2}},{"start":{"line":57,"column":2},"end":{"line":57,"column":2},"skip":true}]},"8":{"line":57,"type":"binary-expr","locations":[{"start":{"line":57,"column":6},"end":{"line":57,"column":21}},{"start":{"line":57,"column":25},"end":{"line":57,"column":69}}]},"9":{"line":65,"type":"if","locations":[{"start":{"line":65,"column":3},"end":{"line":65,"column":3}},{"start":{"line":65,"column":3},"end":{"line":65,"column":3}}]},"10":{"line":75,"type":"if","locations":[{"start":{"line":75,"column":4},"end":{"line":75,"column":4}},{"start":{"line":75,"column":4},"end":{"line":75,"column":4}}]},"11":{"line":84,"type":"if","locations":[{"start":{"line":84,"column":11},"end":{"line":84,"column":11}},{"start":{"line":84,"column":11},"end":{"line":84,"column":11}}]},"12":{"line":84,"type":"binary-expr","locations":[{"start":{"line":84,"column":15},"end":{"line":84,"column":30}},{"start":{"line":84,"column":34},"end":{"line":84,"column":50}}]},"13":{"line":88,"type":"cond-expr","locations":[{"start":{"line":88,"column":36},"end":{"line":88,"column":38}},{"start":{"line":88,"column":41},"end":{"line":88,"column":49}}]},"14":{"line":95,"type":"if","locations":[{"start":{"line":95,"column":5},"end":{"line":95,"column":5}},{"start":{"line":95,"column":5},"end":{"line":95,"column":5}}]},"15":{"line":109,"type":"if","locations":[{"start":{"line":109,"column":2},"end":{"line":109,"column":2}},{"start":{"line":109,"column":2},"end":{"line":109,"column":2}}]},"16":{"line":124,"type":"if","locations":[{"start":{"line":124,"column":2},"end":{"line":124,"column":2}},{"start":{"line":124,"column":2},"end":{"line":124,"column":2}}]},"17":{"line":152,"type":"binary-expr","locations":[{"start":{"line":152,"column":17},"end":{"line":152,"column":32}},{"start":{"line":152,"column":36},"end":{"line":152,"column":38}}]},"18":{"line":154,"type":"binary-expr","locations":[{"start":{"line":154,"column":21},"end":{"line":154,"column":40}},{"start":{"line":154,"column":44},"end":{"line":154,"column":48}}]},"19":{"line":165,"type":"if","locations":[{"start":{"line":165,"column":3},"end":{"line":165,"column":3}},{"start":{"line":165,"column":3},"end":{"line":165,"column":3}}]},"20":{"line":197,"type":"binary-expr","locations":[{"start":{"line":197,"column":13},"end":{"line":197,"column":24}},{"start":{"line":197,"column":28},"end":{"line":197,"column":39}}]},"21":{"line":199,"type":"binary-expr","locations":[{"start":{"line":199,"column":14},"end":{"line":199,"column":50}},{"start":{"line":199,"column":54},"end":{"line":199,"column":56}}]},"22":{"line":204,"type":"if","locations":[{"start":{"line":204,"column":3},"end":{"line":204,"column":3}},{"start":{"line":204,"column":3},"end":{"line":204,"column":3},"skip":true}]},"23":{"line":204,"type":"binary-expr","locations":[{"start":{"line":204,"column":7},"end":{"line":204,"column":20}},{"start":{"line":204,"column":24},"end":{"line":204,"column":54}}]},"24":{"line":210,"type":"if","locations":[{"start":{"line":210,"column":2},"end":{"line":210,"column":2}},{"start":{"line":210,"column":2},"end":{"line":210,"column":2},"skip":true}]},"25":{"line":210,"type":"binary-expr","locations":[{"start":{"line":210,"column":6},"end":{"line":210,"column":12}},{"start":{"line":210,"column":16},"end":{"line":210,"column":48}}]},"26":{"line":214,"type":"if","locations":[{"start":{"line":214,"column":2},"end":{"line":214,"column":2}},{"start":{"line":214,"column":2},"end":{"line":214,"column":2}}]},"27":{"line":215,"type":"binary-expr","locations":[{"start":{"line":215,"column":3},"end":{"line":215,"column":39}},{"start":{"line":216,"column":3},"end":{"line":216,"column":46}}]},"28":{"line":236,"type":"binary-expr","locations":[{"start":{"line":236,"column":25},"end":{"line":236,"column":48}},{"start":{"line":236,"column":52},"end":{"line":236,"column":54}}]},"29":{"line":240,"type":"if","locations":[{"start":{"line":240,"column":2},"end":{"line":240,"column":2}},{"start":{"line":240,"column":2},"end":{"line":240,"column":2}}]},"30":{"line":250,"type":"cond-expr","locations":[{"start":{"line":250,"column":40},"end":{"line":250,"column":43}},{"start":{"line":250,"column":46},"end":{"line":250,"column":49}}]}},"l":{"1":1,"4":1,"7":1,"8":1,"12":1,"13":1,"16":1,"23":1,"31":1,"32":52,"35":1,"45":64,"46":64,"47":64,"48":64,"49":64,"51":64,"53":64,"54":64,"57":64,"58":61,"61":64,"62":122,"65":122,"66":1,"71":121,"72":121,"75":121,"76":7,"84":114,"85":89,"95":25,"96":8,"97":8,"99":17,"100":17,"105":122,"109":64,"110":8,"121":8,"124":64,"125":3,"135":3,"138":64,"151":11,"152":11,"153":11,"154":11,"156":11,"161":11,"162":14,"163":14,"165":14,"169":11,"170":11,"172":3,"174":3,"181":11,"183":11,"185":11,"197":121,"199":121,"201":121,"202":121,"204":20,"205":7,"210":121,"211":2,"214":121,"218":73,"221":121,"234":108,"236":108,"238":108,"240":108,"241":106,"244":2,"246":2,"250":2,"255":1}},
"/Users/ivan/Liferay/Javascript/liferay-amd-loader/umd/script-loader.js":{"path":"/Users/ivan/Liferay/Javascript/liferay-amd-loader/umd/script-loader.js","s":{"1":55,"2":55,"3":55,"4":55,"5":55,"6":54,"7":55,"8":55,"9":55,"10":55,"11":1,"12":55,"13":55,"14":55,"15":55,"16":55,"17":55,"18":55,"19":8,"20":241,"21":241,"22":241,"23":241,"24":241,"25":241,"26":241,"27":241,"28":241,"29":166,"30":166,"31":166,"32":166,"33":75,"34":10,"35":2,"36":2,"37":2,"38":8,"39":8,"40":8,"41":8,"42":241,"43":174,"44":10,"45":10,"46":0,"47":10,"48":10,"49":10,"50":1,"51":9,"52":174,"53":67,"54":1,"55":22,"56":53,"57":53,"58":53,"59":53,"60":53,"61":53,"62":53,"63":45,"64":45,"65":45,"66":8,"67":8,"68":18,"69":10,"70":8,"71":7,"72":7,"73":7,"74":53,"75":53,"76":53,"77":53,"78":53,"79":53,"80":53,"81":52,"82":52,"83":52,"84":11,"85":2,"86":2,"87":2,"88":2,"89":2,"90":2,"91":2,"92":2,"93":2,"94":2,"95":52,"96":47,"97":47,"98":47,"99":46,"100":46,"101":6,"102":6,"103":6,"104":4,"105":10,"106":10,"107":10,"108":10,"109":10,"110":5,"111":5,"112":3,"113":2,"114":5,"115":2,"116":2,"117":2,"118":2,"119":0,"120":2,"121":5,"122":5,"123":4,"124":4,"125":4,"126":5,"127":76,"128":76,"129":76,"130":76,"131":125,"132":76,"133":76,"134":76,"135":76,"136":76,"137":72,"138":76,"139":557,"140":45,"141":557,"142":53,"143":38,"144":53,"145":12,"146":12,"147":12,"148":4,"149":4,"150":0,"151":12,"152":49,"153":49,"154":49,"155":49,"156":84,"157":84,"158":84,"159":125,"160":125,"161":125,"162":10,"163":49,"164":46,"165":46,"166":46,"167":53,"168":53,"169":46,"170":146,"171":35,"172":146,"173":48,"174":36,"175":48,"176":52,"177":52,"178":0,"179":52,"180":52,"181":52,"182":86,"183":86,"184":86,"185":0,"186":0,"187":86,"188":0,"189":86,"190":165,"191":8,"192":8,"193":86,"194":78,"195":52,"196":52,"197":52,"198":52,"199":52,"200":46,"201":46,"202":46,"203":78,"204":46,"205":46,"206":43,"207":42,"208":3,"209":6,"210":6,"211":0,"212":78,"213":78,"214":78,"215":78,"216":78,"217":75,"218":75,"219":75,"220":75,"221":78,"222":4,"223":4,"224":78,"225":53,"226":53,"227":53,"228":53,"229":52,"230":1,"231":1,"232":1,"233":1,"234":1,"235":0,"236":0,"237":48,"238":48,"239":48,"240":82,"241":82,"242":7,"243":75,"244":5,"245":5,"246":70,"247":70,"248":70,"249":70,"250":70,"251":117,"252":117,"253":60,"254":60,"255":57,"256":16,"257":16,"258":41,"259":6,"260":7,"261":7,"262":1,"263":6,"264":6,"265":6,"266":6,"267":1,"268":5,"269":6,"270":2,"271":2,"272":6,"273":35,"274":35,"275":35,"276":70,"277":70,"278":69,"279":1,"280":70,"281":12,"282":58,"283":58,"284":83,"285":83,"286":83,"287":10,"288":10,"289":83,"290":49,"291":49,"292":49,"293":49,"294":83,"295":49,"296":48,"297":48,"298":48,"299":48,"300":82,"301":48,"302":48,"303":48,"304":48,"305":7,"306":7,"307":41,"308":55,"309":1210,"310":55,"311":55},"b":{"1":[55,0],"2":[55,55],"3":[54,1],"4":[55,54],"5":[55,0],"6":[55,55],"7":[241,241],"8":[166,75],"9":[10,65],"10":[2,8],"11":[174,67],"12":[0,10],"13":[1,9],"14":[10,9],"15":[45,8],"16":[44,1],"17":[44,1],"18":[10,8],"19":[7,1],"20":[6,1],"21":[11,41],"22":[11,9],"23":[46,1],"24":[4,2],"25":[5,5],"26":[3,2],"27":[2,3],"28":[2,0],"29":[4,1],"30":[76,0],"31":[72,4],"32":[45,512],"33":[38,15],"34":[16,14],"35":[4,0],"36":[10,115],"37":[125,119,54,38,29],"38":[53,0],"39":[35,111],"40":[36,12],"41":[0,52],"42":[0,86],"43":[0,86],"44":[86,86,86],"45":[8,157],"46":[78,8],"47":[46,6],"48":[75,0],"49":[75,0,0],"50":[1,0],"51":[1,0],"52":[0,0],"53":[0,0],"54":[7,75],"55":[5,70],"56":[60,57],"57":[16,41],"58":[6,35],"59":[1,6],"60":[1,5],"61":[6,5],"62":[69,1],"63":[12,58],"64":[58,0],"65":[58,44],"66":[10,73],"67":[7,41]},"f":{"1":55,"2":55,"3":55,"4":8,"5":241,"6":10,"7":1,"8":22,"9":53,"10":53,"11":52,"12":2,"13":2,"14":47,"15":6,"16":10,"17":10,"18":5,"19":5,"20":76,"21":125,"22":557,"23":53,"24":12,"25":49,"26":46,"27":146,"28":48,"29":52,"30":52,"31":52,"32":43,"33":42,"34":3,"35":6,"36":0,"37":78,"38":78,"39":75,"40":4,"41":53,"42":53,"43":1,"44":48,"45":7,"46":2,"47":83,"48":49,"49":49,"50":48,"51":48,"52":1210},"fnMap":{"1":{"name":"(anonymous_1)","line":1,"loc":{"start":{"line":1,"column":1},"end":{"line":1,"column":28}}},"2":{"name":"(anonymous_2)","line":21,"loc":{"start":{"line":21,"column":76},"end":{"line":21,"column":94}}},"3":{"name":"Loader","line":35,"loc":{"start":{"line":35,"column":0},"end":{"line":35,"column":24}}},"4":{"name":"(anonymous_4)","line":55,"loc":{"start":{"line":55,"column":12},"end":{"line":55,"column":29}}},"5":{"name":"(anonymous_5)","line":84,"loc":{"start":{"line":84,"column":9},"end":{"line":84,"column":20}}},"6":{"name":"(anonymous_6)","line":120,"loc":{"start":{"line":120,"column":24},"end":{"line":120,"column":48}}},"7":{"name":"(anonymous_7)","line":159,"loc":{"start":{"line":159,"column":24},"end":{"line":159,"column":35}}},"8":{"name":"(anonymous_8)","line":169,"loc":{"start":{"line":169,"column":13},"end":{"line":169,"column":24}}},"9":{"name":"(anonymous_9)","line":185,"loc":{"start":{"line":185,"column":10},"end":{"line":185,"column":21}}},"10":{"name":"(anonymous_10)","line":236,"loc":{"start":{"line":236,"column":14},"end":{"line":236,"column":40}}},"11":{"name":"(anonymous_11)","line":241,"loc":{"start":{"line":241,"column":10},"end":{"line":241,"column":33}}},"12":{"name":"(anonymous_12)","line":248,"loc":{"start":{"line":248,"column":33},"end":{"line":248,"column":44}}},"13":{"name":"(anonymous_13)","line":257,"loc":{"start":{"line":257,"column":8},"end":{"line":257,"column":22}}},"14":{"name":"(anonymous_14)","line":277,"loc":{"start":{"line":277,"column":3},"end":{"line":277,"column":27}}},"15":{"name":"(anonymous_15)","line":292,"loc":{"start":{"line":292,"column":3},"end":{"line":292,"column":19}}},"16":{"name":"(anonymous_16)","line":312,"loc":{"start":{"line":312,"column":23},"end":{"line":312,"column":44}}},"17":{"name":"(anonymous_17)","line":315,"loc":{"start":{"line":315,"column":21},"end":{"line":315,"column":47}}},"18":{"name":"(anonymous_18)","line":328,"loc":{"start":{"line":328,"column":26},"end":{"line":328,"column":50}}},"19":{"name":"(anonymous_19)","line":354,"loc":{"start":{"line":354,"column":27},"end":{"line":354,"column":58}}},"20":{"name":"(anonymous_20)","line":382,"loc":{"start":{"line":382,"column":10},"end":{"line":382,"column":63}}},"21":{"name":"(anonymous_21)","line":393,"loc":{"start":{"line":393,"column":34},"end":{"line":393,"column":55}}},"22":{"name":"(anonymous_22)","line":417,"loc":{"start":{"line":417,"column":19},"end":{"line":417,"column":30}}},"23":{"name":"(anonymous_23)","line":433,"loc":{"start":{"line":433,"column":24},"end":{"line":433,"column":35}}},"24":{"name":"(anonymous_24)","line":451,"loc":{"start":{"line":451,"column":20},"end":{"line":451,"column":38}}},"25":{"name":"(anonymous_25)","line":478,"loc":{"start":{"line":478,"column":26},"end":{"line":478,"column":48}}},"26":{"name":"(anonymous_26)","line":520,"loc":{"start":{"line":520,"column":28},"end":{"line":520,"column":54}}},"27":{"name":"(anonymous_27)","line":543,"loc":{"start":{"line":543,"column":19},"end":{"line":543,"column":30}}},"28":{"name":"(anonymous_28)","line":558,"loc":{"start":{"line":558,"column":17},"end":{"line":558,"column":28}}},"29":{"name":"(anonymous_29)","line":577,"loc":{"start":{"line":577,"column":27},"end":{"line":577,"column":59}}},"30":{"name":"(anonymous_30)","line":630,"loc":{"start":{"line":630,"column":15},"end":{"line":630,"column":37}}},"31":{"name":"(anonymous_31)","line":633,"loc":{"start":{"line":633,"column":21},"end":{"line":633,"column":47}}},"32":{"name":"(anonymous_32)","line":656,"loc":{"start":{"line":656,"column":11},"end":{"line":656,"column":35}}},"33":{"name":"(anonymous_33)","line":661,"loc":{"start":{"line":661,"column":11},"end":{"line":661,"column":35}}},"34":{"name":"(anonymous_34)","line":666,"loc":{"start":{"line":666,"column":12},"end":{"line":666,"column":28}}},"35":{"name":"(anonymous_35)","line":674,"loc":{"start":{"line":674,"column":11},"end":{"line":674,"column":35}}},"36":{"name":"(anonymous_36)","line":679,"loc":{"start":{"line":679,"column":12},"end":{"line":679,"column":28}}},"37":{"name":"(anonymous_37)","line":696,"loc":{"start":{"line":696,"column":14},"end":{"line":696,"column":35}}},"38":{"name":"(anonymous_38)","line":699,"loc":{"start":{"line":699,"column":21},"end":{"line":699,"column":47}}},"39":{"name":"(anonymous_39)","line":706,"loc":{"start":{"line":706,"column":47},"end":{"line":706,"column":58}}},"40":{"name":"(anonymous_40)","line":722,"loc":{"start":{"line":722,"column":20},"end":{"line":722,"column":31}}},"41":{"name":"(anonymous_41)","line":740,"loc":{"start":{"line":740,"column":23},"end":{"line":740,"column":41}}},"42":{"name":"(anonymous_42)","line":743,"loc":{"start":{"line":743,"column":21},"end":{"line":743,"column":47}}},"43":{"name":"(anonymous_43)","line":765,"loc":{"start":{"line":765,"column":36},"end":{"line":765,"column":50}}},"44":{"name":"(anonymous_44)","line":785,"loc":{"start":{"line":785,"column":27},"end":{"line":785,"column":45}}},"45":{"name":"(anonymous_45)","line":823,"loc":{"start":{"line":823,"column":24},"end":{"line":823,"column":45}}},"46":{"name":"(anonymous_46)","line":859,"loc":{"start":{"line":859,"column":26},"end":{"line":859,"column":47}}},"47":{"name":"(anonymous_47)","line":915,"loc":{"start":{"line":915,"column":17},"end":{"line":915,"column":38}}},"48":{"name":"(anonymous_48)","line":940,"loc":{"start":{"line":940,"column":18},"end":{"line":940,"column":40}}},"49":{"name":"(anonymous_49)","line":943,"loc":{"start":{"line":943,"column":21},"end":{"line":943,"column":47}}},"50":{"name":"(anonymous_50)","line":951,"loc":{"start":{"line":951,"column":37},"end":{"line":951,"column":63}}},"51":{"name":"(anonymous_51)","line":958,"loc":{"start":{"line":958,"column":24},"end":{"line":958,"column":35}}},"52":{"name":"(anonymous_52)","line":992,"loc":{"start":{"line":992,"column":40},"end":{"line":992,"column":54}}}},"statementMap":{"1":{"start":{"line":1,"column":0},"end":{"line":1000,"column":4}},"2":{"start":{"line":4,"column":4},"end":{"line":4,"column":32}},"3":{"start":{"line":7,"column":4},"end":{"line":9,"column":5}},"4":{"start":{"line":8,"column":8},"end":{"line":8,"column":31}},"5":{"start":{"line":12,"column":4},"end":{"line":14,"column":5},"skip":true},"6":{"start":{"line":13,"column":8},"end":{"line":13,"column":24},"skip":true},"7":{"start":{"line":17,"column":4},"end":{"line":17,"column":32}},"8":{"start":{"line":18,"column":4},"end":{"line":18,"column":63}},"9":{"start":{"line":19,"column":4},"end":{"line":19,"column":61}},"10":{"start":{"line":20,"column":4},"end":{"line":20,"column":27}},"11":{"start":{"line":35,"column":0},"end":{"line":41,"column":1}},"12":{"start":{"line":36,"column":1},"end":{"line":36,"column":54}},"13":{"start":{"line":38,"column":1},"end":{"line":38,"column":44}},"14":{"start":{"line":40,"column":1},"end":{"line":40,"column":23}},"15":{"start":{"line":43,"column":0},"end":{"line":43,"column":64}},"16":{"start":{"line":44,"column":0},"end":{"line":44,"column":38}},"17":{"start":{"line":45,"column":0},"end":{"line":45,"column":50}},"18":{"start":{"line":47,"column":0},"end":{"line":990,"column":2}},"19":{"start":{"line":56,"column":2},"end":{"line":56,"column":51}},"20":{"start":{"line":85,"column":2},"end":{"line":85,"column":18}},"21":{"start":{"line":87,"column":2},"end":{"line":87,"column":26}},"22":{"start":{"line":88,"column":2},"end":{"line":88,"column":34}},"23":{"start":{"line":89,"column":2},"end":{"line":89,"column":36}},"24":{"start":{"line":90,"column":2},"end":{"line":90,"column":34}},"25":{"start":{"line":92,"column":2},"end":{"line":92,"column":9}},"26":{"start":{"line":94,"column":2},"end":{"line":94,"column":27}},"27":{"start":{"line":96,"column":2},"end":{"line":96,"column":41}},"28":{"start":{"line":98,"column":2},"end":{"line":116,"column":3}},"29":{"start":{"line":99,"column":3},"end":{"line":99,"column":10}},"30":{"start":{"line":100,"column":3},"end":{"line":100,"column":33}},"31":{"start":{"line":101,"column":3},"end":{"line":101,"column":40}},"32":{"start":{"line":102,"column":3},"end":{"line":102,"column":27}},"33":{"start":{"line":103,"column":9},"end":{"line":116,"column":3}},"34":{"start":{"line":104,"column":3},"end":{"line":115,"column":4}},"35":{"start":{"line":105,"column":4},"end":{"line":105,"column":11}},"36":{"start":{"line":108,"column":4},"end":{"line":108,"column":41}},"37":{"start":{"line":109,"column":4},"end":{"line":109,"column":34}},"38":{"start":{"line":111,"column":4},"end":{"line":111,"column":11}},"39":{"start":{"line":112,"column":4},"end":{"line":112,"column":32}},"40":{"start":{"line":113,"column":4},"end":{"line":113,"column":34}},"41":{"start":{"line":114,"column":4},"end":{"line":114,"column":28}},"42":{"start":{"line":118,"column":2},"end":{"line":150,"column":3}},"43":{"start":{"line":120,"column":3},"end":{"line":144,"column":5}},"44":{"start":{"line":121,"column":4},"end":{"line":121,"column":45}},"45":{"start":{"line":123,"column":4},"end":{"line":143,"column":5}},"46":{"start":{"line":124,"column":5},"end":{"line":126,"column":7}},"47":{"start":{"line":128,"column":5},"end":{"line":128,"column":39}},"48":{"start":{"line":129,"column":5},"end":{"line":129,"column":48}},"49":{"start":{"line":131,"column":5},"end":{"line":135,"column":6}},"50":{"start":{"line":132,"column":6},"end":{"line":134,"column":8}},"51":{"start":{"line":137,"column":5},"end":{"line":142,"column":7}},"52":{"start":{"line":146,"column":3},"end":{"line":146,"column":43}},"53":{"start":{"line":149,"column":3},"end":{"line":149,"column":60}},"54":{"start":{"line":160,"column":2},"end":{"line":160,"column":57}},"55":{"start":{"line":170,"column":2},"end":{"line":170,"column":46}},"56":{"start":{"line":186,"column":2},"end":{"line":186,"column":18}},"57":{"start":{"line":188,"column":2},"end":{"line":188,"column":9}},"58":{"start":{"line":190,"column":2},"end":{"line":190,"column":22}},"59":{"start":{"line":191,"column":2},"end":{"line":191,"column":8}},"60":{"start":{"line":192,"column":2},"end":{"line":192,"column":14}},"61":{"start":{"line":193,"column":2},"end":{"line":193,"column":22}},"62":{"start":{"line":198,"column":2},"end":{"line":223,"column":3}},"63":{"start":{"line":199,"column":3},"end":{"line":199,"column":26}},"64":{"start":{"line":200,"column":3},"end":{"line":202,"column":11}},"65":{"start":{"line":203,"column":3},"end":{"line":205,"column":11}},"66":{"start":{"line":207,"column":3},"end":{"line":207,"column":16}},"67":{"start":{"line":209,"column":3},"end":{"line":222,"column":4}},"68":{"start":{"line":210,"column":4},"end":{"line":221,"column":5}},"69":{"start":{"line":211,"column":5},"end":{"line":211,"column":31}},"70":{"start":{"line":214,"column":11},"end":{"line":221,"column":5}},"71":{"start":{"line":215,"column":5},"end":{"line":215,"column":36}},"72":{"start":{"line":216,"column":5},"end":{"line":218,"column":40}},"73":{"start":{"line":220,"column":5},"end":{"line":220,"column":11}},"74":{"start":{"line":225,"column":2},"end":{"line":225,"column":9}},"75":{"start":{"line":227,"column":2},"end":{"line":227,"column":45}},"76":{"start":{"line":230,"column":2},"end":{"line":230,"column":54}},"77":{"start":{"line":232,"column":2},"end":{"line":232,"column":9}},"78":{"start":{"line":234,"column":2},"end":{"line":234,"column":20}},"79":{"start":{"line":236,"column":2},"end":{"line":301,"column":4}},"80":{"start":{"line":239,"column":3},"end":{"line":275,"column":15}},"81":{"start":{"line":242,"column":5},"end":{"line":242,"column":12}},"82":{"start":{"line":244,"column":5},"end":{"line":244,"column":43}},"83":{"start":{"line":247,"column":5},"end":{"line":271,"column":6}},"84":{"start":{"line":248,"column":6},"end":{"line":270,"column":37}},"85":{"start":{"line":249,"column":7},"end":{"line":249,"column":57}},"86":{"start":{"line":251,"column":7},"end":{"line":253,"column":9}},"87":{"start":{"line":254,"column":7},"end":{"line":254,"column":41}},"88":{"start":{"line":255,"column":7},"end":{"line":255,"column":43}},"89":{"start":{"line":256,"column":7},"end":{"line":261,"column":9}},"90":{"start":{"line":258,"column":9},"end":{"line":259,"column":26}},"91":{"start":{"line":262,"column":7},"end":{"line":262,"column":31}},"92":{"start":{"line":266,"column":7},"end":{"line":266,"column":46}},"93":{"start":{"line":268,"column":7},"end":{"line":268,"column":14}},"94":{"start":{"line":269,"column":7},"end":{"line":269,"column":21}},"95":{"start":{"line":274,"column":5},"end":{"line":274,"column":59}},"96":{"start":{"line":278,"column":4},"end":{"line":278,"column":11}},"97":{"start":{"line":279,"column":4},"end":{"line":279,"column":32}},"98":{"start":{"line":282,"column":4},"end":{"line":290,"column":5}},"99":{"start":{"line":283,"column":5},"end":{"line":285,"column":7}},"100":{"start":{"line":286,"column":5},"end":{"line":289,"column":7}},"101":{"start":{"line":293,"column":4},"end":{"line":293,"column":11}},"102":{"start":{"line":294,"column":4},"end":{"line":294,"column":32}},"103":{"start":{"line":297,"column":4},"end":{"line":299,"column":5}},"104":{"start":{"line":298,"column":5},"end":{"line":298,"column":50}},"105":{"start":{"line":313,"column":2},"end":{"line":313,"column":18}},"106":{"start":{"line":315,"column":2},"end":{"line":368,"column":5}},"107":{"start":{"line":316,"column":3},"end":{"line":316,"column":64}},"108":{"start":{"line":320,"column":3},"end":{"line":320,"column":46}},"109":{"start":{"line":322,"column":3},"end":{"line":367,"column":4}},"110":{"start":{"line":323,"column":4},"end":{"line":323,"column":63}},"111":{"start":{"line":325,"column":4},"end":{"line":352,"column":5}},"112":{"start":{"line":326,"column":5},"end":{"line":326,"column":28}},"113":{"start":{"line":328,"column":5},"end":{"line":349,"column":7}},"114":{"start":{"line":329,"column":6},"end":{"line":348,"column":7}},"115":{"start":{"line":330,"column":7},"end":{"line":330,"column":48}},"116":{"start":{"line":332,"column":7},"end":{"line":334,"column":9}},"117":{"start":{"line":336,"column":7},"end":{"line":347,"column":8}},"118":{"start":{"line":337,"column":8},"end":{"line":337,"column":31}},"119":{"start":{"line":339,"column":8},"end":{"line":346,"column":10}},"120":{"start":{"line":351,"column":5},"end":{"line":351,"column":45}},"121":{"start":{"line":354,"column":4},"end":{"line":364,"column":6}},"122":{"start":{"line":355,"column":5},"end":{"line":363,"column":6}},"123":{"start":{"line":356,"column":6},"end":{"line":356,"column":51}},"124":{"start":{"line":360,"column":6},"end":{"line":360,"column":42}},"125":{"start":{"line":362,"column":6},"end":{"line":362,"column":26}},"126":{"start":{"line":366,"column":4},"end":{"line":366,"column":48}},"127":{"start":{"line":385,"column":2},"end":{"line":385,"column":28}},"128":{"start":{"line":386,"column":2},"end":{"line":386,"column":45}},"129":{"start":{"line":388,"column":2},"end":{"line":388,"column":45}},"130":{"start":{"line":393,"column":2},"end":{"line":395,"column":5}},"131":{"start":{"line":394,"column":3},"end":{"line":394,"column":53}},"132":{"start":{"line":397,"column":2},"end":{"line":397,"column":21}},"133":{"start":{"line":398,"column":2},"end":{"line":398,"column":37}},"134":{"start":{"line":399,"column":2},"end":{"line":399,"column":48}},"135":{"start":{"line":401,"column":2},"end":{"line":401,"column":33}},"136":{"start":{"line":403,"column":2},"end":{"line":405,"column":3}},"137":{"start":{"line":404,"column":3},"end":{"line":404,"column":40}},"138":{"start":{"line":407,"column":2},"end":{"line":407,"column":36}},"139":{"start":{"line":419,"column":2},"end":{"line":421,"column":3}},"140":{"start":{"line":420,"column":3},"end":{"line":420,"column":62}},"141":{"start":{"line":423,"column":2},"end":{"line":423,"column":28}},"142":{"start":{"line":434,"column":2},"end":{"line":438,"column":3}},"143":{"start":{"line":435,"column":3},"end":{"line":437,"column":5}},"144":{"start":{"line":440,"column":2},"end":{"line":440,"column":33}},"145":{"start":{"line":452,"column":2},"end":{"line":452,"column":43}},"146":{"start":{"line":454,"column":2},"end":{"line":454,"column":53}},"147":{"start":{"line":456,"column":2},"end":{"line":464,"column":3}},"148":{"start":{"line":457,"column":3},"end":{"line":463,"column":4}},"149":{"start":{"line":460,"column":4},"end":{"line":460,"column":40}},"150":{"start":{"line":462,"column":4},"end":{"line":462,"column":16}},"151":{"start":{"line":466,"column":2},"end":{"line":466,"column":16}},"152":{"start":{"line":479,"column":2},"end":{"line":479,"column":45}},"153":{"start":{"line":480,"column":2},"end":{"line":480,"column":52}},"154":{"start":{"line":482,"column":2},"end":{"line":482,"column":48}},"155":{"start":{"line":484,"column":2},"end":{"line":507,"column":3}},"156":{"start":{"line":485,"column":3},"end":{"line":485,"column":50}},"157":{"start":{"line":487,"column":3},"end":{"line":490,"column":5}},"158":{"start":{"line":492,"column":3},"end":{"line":506,"column":4}},"159":{"start":{"line":493,"column":4},"end":{"line":493,"column":43}},"160":{"start":{"line":495,"column":4},"end":{"line":495,"column":57}},"161":{"start":{"line":497,"column":4},"end":{"line":505,"column":5}},"162":{"start":{"line":504,"column":5},"end":{"line":504,"column":41}},"163":{"start":{"line":509,"column":2},"end":{"line":509,"column":42}},"164":{"start":{"line":521,"column":2},"end":{"line":521,"column":33}},"165":{"start":{"line":523,"column":2},"end":{"line":523,"column":53}},"166":{"start":{"line":525,"column":2},"end":{"line":531,"column":3}},"167":{"start":{"line":526,"column":3},"end":{"line":526,"column":52}},"168":{"start":{"line":528,"column":3},"end":{"line":530,"column":5}},"169":{"start":{"line":533,"column":2},"end":{"line":533,"column":31}},"170":{"start":{"line":544,"column":2},"end":{"line":546,"column":3}},"171":{"start":{"line":545,"column":3},"end":{"line":545,"column":50}},"172":{"start":{"line":548,"column":2},"end":{"line":548,"column":28}},"173":{"start":{"line":560,"column":2},"end":{"line":562,"column":3}},"174":{"start":{"line":561,"column":3},"end":{"line":561,"column":69}},"175":{"start":{"line":564,"column":2},"end":{"line":564,"column":26}},"176":{"start":{"line":578,"column":2},"end":{"line":578,"column":28}},"177":{"start":{"line":580,"column":2},"end":{"line":582,"column":3}},"178":{"start":{"line":581,"column":3},"end":{"line":581,"column":27}},"179":{"start":{"line":584,"column":2},"end":{"line":584,"column":26}},"180":{"start":{"line":586,"column":2},"end":{"line":586,"column":63}},"181":{"start":{"line":588,"column":2},"end":{"line":617,"column":3}},"182":{"start":{"line":589,"column":3},"end":{"line":589,"column":35}},"183":{"start":{"line":591,"column":3},"end":{"line":591,"column":60}},"184":{"start":{"line":593,"column":3},"end":{"line":596,"column":4}},"185":{"start":{"line":594,"column":4},"end":{"line":594,"column":36}},"186":{"start":{"line":595,"column":4},"end":{"line":595,"column":13}},"187":{"start":{"line":599,"column":3},"end":{"line":605,"column":4}},"188":{"start":{"line":604,"column":4},"end":{"line":604,"column":13}},"189":{"start":{"line":607,"column":3},"end":{"line":612,"column":4}},"190":{"start":{"line":608,"column":4},"end":{"line":611,"column":5}},"191":{"start":{"line":609,"column":5},"end":{"line":609,"column":18}},"192":{"start":{"line":610,"column":5},"end":{"line":610,"column":11}},"193":{"start":{"line":614,"column":3},"end":{"line":616,"column":4}},"194":{"start":{"line":615,"column":4},"end":{"line":615,"column":36}},"195":{"start":{"line":619,"column":2},"end":{"line":619,"column":24}},"196":{"start":{"line":631,"column":2},"end":{"line":631,"column":18}},"197":{"start":{"line":633,"column":2},"end":{"line":683,"column":5}},"198":{"start":{"line":635,"column":3},"end":{"line":638,"column":6}},"199":{"start":{"line":640,"column":3},"end":{"line":682,"column":4}},"200":{"start":{"line":642,"column":4},"end":{"line":642,"column":68}},"201":{"start":{"line":644,"column":4},"end":{"line":644,"column":28}},"202":{"start":{"line":647,"column":4},"end":{"line":649,"column":5}},"203":{"start":{"line":648,"column":5},"end":{"line":648,"column":58}},"204":{"start":{"line":654,"column":4},"end":{"line":654,"column":11}},"205":{"start":{"line":655,"column":4},"end":{"line":668,"column":8}},"206":{"start":{"line":657,"column":6},"end":{"line":657,"column":47}},"207":{"start":{"line":662,"column":6},"end":{"line":662,"column":29}},"208":{"start":{"line":667,"column":6},"end":{"line":667,"column":20}},"209":{"start":{"line":672,"column":4},"end":{"line":681,"column":8}},"210":{"start":{"line":675,"column":6},"end":{"line":675,"column":29}},"211":{"start":{"line":680,"column":6},"end":{"line":680,"column":20}},"212":{"start":{"line":697,"column":2},"end":{"line":697,"column":18}},"213":{"start":{"line":699,"column":2},"end":{"line":729,"column":5}},"214":{"start":{"line":700,"column":3},"end":{"line":700,"column":49}},"215":{"start":{"line":702,"column":3},"end":{"line":702,"column":31}},"216":{"start":{"line":706,"column":3},"end":{"line":719,"column":5}},"217":{"start":{"line":708,"column":4},"end":{"line":718,"column":5}},"218":{"start":{"line":713,"column":5},"end":{"line":713,"column":54}},"219":{"start":{"line":715,"column":5},"end":{"line":715,"column":21}},"220":{"start":{"line":717,"column":5},"end":{"line":717,"column":51}},"221":{"start":{"line":722,"column":3},"end":{"line":726,"column":5}},"222":{"start":{"line":723,"column":4},"end":{"line":723,"column":38}},"223":{"start":{"line":725,"column":4},"end":{"line":725,"column":19}},"224":{"start":{"line":728,"column":3},"end":{"line":728,"column":37}},"225":{"start":{"line":741,"column":2},"end":{"line":741,"column":18}},"226":{"start":{"line":743,"column":2},"end":{"line":753,"column":5}},"227":{"start":{"line":744,"column":3},"end":{"line":752,"column":4}},"228":{"start":{"line":745,"column":4},"end":{"line":747,"column":35}},"229":{"start":{"line":749,"column":4},"end":{"line":749,"column":26}},"230":{"start":{"line":751,"column":4},"end":{"line":751,"column":18}},"231":{"start":{"line":766,"column":2},"end":{"line":766,"column":68}},"232":{"start":{"line":767,"column":2},"end":{"line":767,"column":66}},"233":{"start":{"line":769,"column":2},"end":{"line":775,"column":3}},"234":{"start":{"line":770,"column":3},"end":{"line":770,"column":33}},"235":{"start":{"line":771,"column":9},"end":{"line":775,"column":3}},"236":{"start":{"line":774,"column":3},"end":{"line":774,"column":52}},"237":{"start":{"line":786,"column":2},"end":{"line":786,"column":18}},"238":{"start":{"line":787,"column":2},"end":{"line":787,"column":63}},"239":{"start":{"line":789,"column":2},"end":{"line":904,"column":3}},"240":{"start":{"line":790,"column":3},"end":{"line":790,"column":27}},"241":{"start":{"line":792,"column":3},"end":{"line":799,"column":4}},"242":{"start":{"line":793,"column":4},"end":{"line":793,"column":13}},"243":{"start":{"line":794,"column":10},"end":{"line":799,"column":4}},"244":{"start":{"line":795,"column":4},"end":{"line":797,"column":6}},"245":{"start":{"line":798,"column":4},"end":{"line":798,"column":13}},"246":{"start":{"line":801,"column":3},"end":{"line":801,"column":38}},"247":{"start":{"line":804,"column":3},"end":{"line":804,"column":19}},"248":{"start":{"line":805,"column":3},"end":{"line":805,"column":46}},"249":{"start":{"line":806,"column":3},"end":{"line":806,"column":46}},"250":{"start":{"line":808,"column":3},"end":{"line":879,"column":4}},"251":{"start":{"line":809,"column":4},"end":{"line":809,"column":44}},"252":{"start":{"line":814,"column":4},"end":{"line":878,"column":5}},"253":{"start":{"line":815,"column":5},"end":{"line":815,"column":22}},"254":{"start":{"line":817,"column":5},"end":{"line":817,"column":49}},"255":{"start":{"line":818,"column":11},"end":{"line":878,"column":5}},"256":{"start":{"line":819,"column":5},"end":{"line":819,"column":35}},"257":{"start":{"line":821,"column":5},"end":{"line":821,"column":49}},"258":{"start":{"line":822,"column":11},"end":{"line":878,"column":5}},"259":{"start":{"line":823,"column":5},"end":{"line":857,"column":7}},"260":{"start":{"line":824,"column":6},"end":{"line":824,"column":34}},"261":{"start":{"line":826,"column":6},"end":{"line":856,"column":7}},"262":{"start":{"line":827,"column":7},"end":{"line":827,"column":54}},"263":{"start":{"line":829,"column":7},"end":{"line":832,"column":9}},"264":{"start":{"line":834,"column":7},"end":{"line":837,"column":9}},"265":{"start":{"line":839,"column":7},"end":{"line":841,"column":9}},"266":{"start":{"line":843,"column":7},"end":{"line":853,"column":8}},"267":{"start":{"line":847,"column":8},"end":{"line":852,"column":10}},"268":{"start":{"line":855,"column":7},"end":{"line":855,"column":46}},"269":{"start":{"line":859,"column":5},"end":{"line":865,"column":7}},"270":{"start":{"line":860,"column":6},"end":{"line":862,"column":28}},"271":{"start":{"line":864,"column":6},"end":{"line":864,"column":31}},"272":{"start":{"line":867,"column":5},"end":{"line":867,"column":50}},"273":{"start":{"line":870,"column":5},"end":{"line":873,"column":8}},"274":{"start":{"line":875,"column":5},"end":{"line":875,"column":48}},"275":{"start":{"line":877,"column":5},"end":{"line":877,"column":42}},"276":{"start":{"line":881,"column":3},"end":{"line":881,"column":14}},"277":{"start":{"line":883,"column":3},"end":{"line":890,"column":4}},"278":{"start":{"line":884,"column":4},"end":{"line":887,"column":6}},"279":{"start":{"line":889,"column":4},"end":{"line":889,"column":42}},"280":{"start":{"line":899,"column":3},"end":{"line":903,"column":4}},"281":{"start":{"line":900,"column":4},"end":{"line":900,"column":35}},"282":{"start":{"line":901,"column":10},"end":{"line":903,"column":4}},"283":{"start":{"line":902,"column":4},"end":{"line":902,"column":63}},"284":{"start":{"line":916,"column":2},"end":{"line":916,"column":18}},"285":{"start":{"line":920,"column":2},"end":{"line":920,"column":51}},"286":{"start":{"line":922,"column":2},"end":{"line":926,"column":3}},"287":{"start":{"line":923,"column":3},"end":{"line":923,"column":57}},"288":{"start":{"line":925,"column":3},"end":{"line":925,"column":48}},"289":{"start":{"line":928,"column":2},"end":{"line":928,"column":23}},"290":{"start":{"line":941,"column":2},"end":{"line":941,"column":18}},"291":{"start":{"line":943,"column":2},"end":{"line":981,"column":5}},"292":{"start":{"line":944,"column":3},"end":{"line":944,"column":28}},"293":{"start":{"line":946,"column":3},"end":{"line":948,"column":4}},"294":{"start":{"line":947,"column":4},"end":{"line":947,"column":62}},"295":{"start":{"line":951,"column":3},"end":{"line":980,"column":14}},"296":{"start":{"line":956,"column":4},"end":{"line":956,"column":65}},"297":{"start":{"line":958,"column":4},"end":{"line":968,"column":6}},"298":{"start":{"line":959,"column":5},"end":{"line":959,"column":29}},"299":{"start":{"line":961,"column":5},"end":{"line":963,"column":6}},"300":{"start":{"line":962,"column":6},"end":{"line":962,"column":61}},"301":{"start":{"line":965,"column":5},"end":{"line":965,"column":51}},"302":{"start":{"line":967,"column":5},"end":{"line":967,"column":29}},"303":{"start":{"line":970,"column":4},"end":{"line":972,"column":6}},"304":{"start":{"line":974,"column":4},"end":{"line":979,"column":5}},"305":{"start":{"line":975,"column":5},"end":{"line":975,"column":12}},"306":{"start":{"line":976,"column":5},"end":{"line":976,"column":62}},"307":{"start":{"line":978,"column":5},"end":{"line":978,"column":21}},"308":{"start":{"line":992,"column":0},"end":{"line":994,"column":3}},"309":{"start":{"line":993,"column":1},"end":{"line":993,"column":49}},"310":{"start":{"line":996,"column":0},"end":{"line":996,"column":33}},"311":{"start":{"line":999,"column":4},"end":{"line":999,"column":18}}},"branchMap":{"1":{"line":7,"type":"if","locations":[{"start":{"line":7,"column":4},"end":{"line":7,"column":4}},{"start":{"line":7,"column":4},"end":{"line":7,"column":4},"skip":true}]},"2":{"line":7,"type":"binary-expr","locations":[{"start":{"line":7,"column":8},"end":{"line":7,"column":34}},{"start":{"line":7,"column":38},"end":{"line":7,"column":44}}]},"3":{"line":12,"type":"if","locations":[{"start":{"line":12,"column":4},"end":{"line":12,"column":4},"skip":true},{"start":{"line":12,"column":4},"end":{"line":12,"column":4},"skip":true}]},"4":{"line":12,"type":"binary-expr","locations":[{"start":{"line":12,"column":8},"end":{"line":12,"column":36},"skip":true},{"start":{"line":12,"column":40},"end":{"line":12,"column":50},"skip":true}]},"5":{"line":21,"type":"cond-expr","locations":[{"start":{"line":21,"column":34},"end":{"line":21,"column":40}},{"start":{"line":21,"column":70},"end":{"line":21,"column":74},"skip":true}]},"6":{"line":38,"type":"binary-expr","locations":[{"start":{"line":38,"column":16},"end":{"line":38,"column":22}},{"start":{"line":38,"column":26},"end":{"line":38,"column":43}}]},"7":{"line":90,"type":"binary-expr","locations":[{"start":{"line":90,"column":15},"end":{"line":90,"column":27}},{"start":{"line":90,"column":31},"end":{"line":90,"column":33}}]},"8":{"line":98,"type":"if","locations":[{"start":{"line":98,"column":2},"end":{"line":98,"column":2}},{"start":{"line":98,"column":2},"end":{"line":98,"column":2}}]},"9":{"line":103,"type":"if","locations":[{"start":{"line":103,"column":9},"end":{"line":103,"column":9}},{"start":{"line":103,"column":9},"end":{"line":103,"column":9}}]},"10":{"line":104,"type":"if","locations":[{"start":{"line":104,"column":3},"end":{"line":104,"column":3}},{"start":{"line":104,"column":3},"end":{"line":104,"column":3}}]},"11":{"line":118,"type":"if","locations":[{"start":{"line":118,"column":2},"end":{"line":118,"column":2}},{"start":{"line":118,"column":2},"end":{"line":118,"column":2}}]},"12":{"line":123,"type":"if","locations":[{"start":{"line":123,"column":4},"end":{"line":123,"column":4}},{"start":{"line":123,"column":4},"end":{"line":123,"column":4}}]},"13":{"line":131,"type":"if","locations":[{"start":{"line":131,"column":5},"end":{"line":131,"column":5}},{"start":{"line":131,"column":5},"end":{"line":131,"column":5}}]},"14":{"line":131,"type":"binary-expr","locations":[{"start":{"line":131,"column":9},"end":{"line":131,"column":15}},{"start":{"line":131,"column":19},"end":{"line":131,"column":47}}]},"15":{"line":198,"type":"if","locations":[{"start":{"line":198,"column":2},"end":{"line":198,"column":2}},{"start":{"line":198,"column":2},"end":{"line":198,"column":2}}]},"16":{"line":200,"type":"cond-expr","locations":[{"start":{"line":201,"column":6},"end":{"line":201,"column":18}},{"start":{"line":202,"column":6},"end":{"line":202,"column":10}}]},"17":{"line":203,"type":"cond-expr","locations":[{"start":{"line":204,"column":6},"end":{"line":204,"column":18}},{"start":{"line":205,"column":6},"end":{"line":205,"column":10}}]},"18":{"line":210,"type":"if","locations":[{"start":{"line":210,"column":4},"end":{"line":210,"column":4}},{"start":{"line":210,"column":4},"end":{"line":210,"column":4}}]},"19":{"line":214,"type":"if","locations":[{"start":{"line":214,"column":11},"end":{"line":214,"column":11}},{"start":{"line":214,"column":11},"end":{"line":214,"column":11},"skip":true}]},"20":{"line":216,"type":"cond-expr","locations":[{"start":{"line":217,"column":8},"end":{"line":217,"column":20}},{"start":{"line":218,"column":35},"end":{"line":218,"column":39},"skip":true}]},"21":{"line":247,"type":"if","locations":[{"start":{"line":247,"column":5},"end":{"line":247,"column":5}},{"start":{"line":247,"column":5},"end":{"line":247,"column":5}}]},"22":{"line":270,"type":"binary-expr","locations":[{"start":{"line":270,"column":9},"end":{"line":270,"column":27}},{"start":{"line":270,"column":31},"end":{"line":270,"column":35}}]},"23":{"line":282,"type":"if","locations":[{"start":{"line":282,"column":4},"end":{"line":282,"column":4}},{"start":{"line":282,"column":4},"end":{"line":282,"column":4},"skip":true}]},"24":{"line":297,"type":"if","locations":[{"start":{"line":297,"column":4},"end":{"line":297,"column":4}},{"start":{"line":297,"column":4},"end":{"line":297,"column":4},"skip":true}]},"25":{"line":322,"type":"if","locations":[{"start":{"line":322,"column":3},"end":{"line":322,"column":3}},{"start":{"line":322,"column":3},"end":{"line":322,"column":3}}]},"26":{"line":325,"type":"if","locations":[{"start":{"line":325,"column":4},"end":{"line":325,"column":4}},{"start":{"line":325,"column":4},"end":{"line":325,"column":4}}]},"27":{"line":329,"type":"if","locations":[{"start":{"line":329,"column":6},"end":{"line":329,"column":6}},{"start":{"line":329,"column":6},"end":{"line":329,"column":6}}]},"28":{"line":336,"type":"if","locations":[{"start":{"line":336,"column":7},"end":{"line":336,"column":7}},{"start":{"line":336,"column":7},"end":{"line":336,"column":7}}]},"29":{"line":355,"type":"if","locations":[{"start":{"line":355,"column":5},"end":{"line":355,"column":5}},{"start":{"line":355,"column":5},"end":{"line":355,"column":5}}]},"30":{"line":385,"type":"binary-expr","locations":[{"start":{"line":385,"column":15},"end":{"line":385,"column":21}},{"start":{"line":385,"column":25},"end":{"line":385,"column":27}}]},"31":{"line":403,"type":"if","locations":[{"start":{"line":403,"column":2},"end":{"line":403,"column":2}},{"start":{"line":403,"column":2},"end":{"line":403,"column":2}}]},"32":{"line":419,"type":"if","locations":[{"start":{"line":419,"column":2},"end":{"line":419,"column":2}},{"start":{"line":419,"column":2},"end":{"line":419,"column":2},"skip":true}]},"33":{"line":434,"type":"if","locations":[{"start":{"line":434,"column":2},"end":{"line":434,"column":2}},{"start":{"line":434,"column":2},"end":{"line":434,"column":2}}]},"34":{"line":456,"type":"binary-expr","locations":[{"start":{"line":456,"column":18},"end":{"line":456,"column":24}},{"start":{"line":456,"column":28},"end":{"line":456,"column":54}}]},"35":{"line":457,"type":"if","locations":[{"start":{"line":457,"column":3},"end":{"line":457,"column":3}},{"start":{"line":457,"column":3},"end":{"line":457,"column":3}}]},"36":{"line":497,"type":"if","locations":[{"start":{"line":497,"column":4},"end":{"line":497,"column":4}},{"start":{"line":497,"column":4},"end":{"line":497,"column":4}}]},"37":{"line":498,"type":"binary-expr","locations":[{"start":{"line":498,"column":5},"end":{"line":498,"column":29}},{"start":{"line":499,"column":5},"end":{"line":499,"column":29}},{"start":{"line":500,"column":5},"end":{"line":500,"column":28}},{"start":{"line":501,"column":6},"end":{"line":501,"column":23}},{"start":{"line":502,"column":6},"end":{"line":502,"column":45}}]},"38":{"line":529,"type":"cond-expr","locations":[{"start":{"line":529,"column":21},"end":{"line":529,"column":50}},{"start":{"line":529,"column":53},"end":{"line":529,"column":62}}]},"39":{"line":544,"type":"if","locations":[{"start":{"line":544,"column":2},"end":{"line":544,"column":2}},{"start":{"line":544,"column":2},"end":{"line":544,"column":2}}]},"40":{"line":560,"type":"if","locations":[{"start":{"line":560,"column":2},"end":{"line":560,"column":2}},{"start":{"line":560,"column":2},"end":{"line":560,"column":2},"skip":true}]},"41":{"line":580,"type":"if","locations":[{"start":{"line":580,"column":2},"end":{"line":580,"column":2}},{"start":{"line":580,"column":2},"end":{"line":580,"column":2}}]},"42":{"line":593,"type":"if","locations":[{"start":{"line":593,"column":3},"end":{"line":593,"column":3}},{"start":{"line":593,"column":3},"end":{"line":593,"column":3}}]},"43":{"line":599,"type":"if","locations":[{"start":{"line":599,"column":3},"end":{"line":599,"column":3}},{"start":{"line":599,"column":3},"end":{"line":599,"column":3}}]},"44":{"line":600,"type":"binary-expr","locations":[{"start":{"line":600,"column":4},"end":{"line":600,"column":34}},{"start":{"line":601,"column":4},"end":{"line":601,"column":34}},{"start":{"line":602,"column":4},"end":{"line":602,"column":33}}]},"45":{"line":608,"type":"if","locations":[{"start":{"line":608,"column":4},"end":{"line":608,"column":4}},{"start":{"line":608,"column":4},"end":{"line":608,"column":4}}]},"46":{"line":614,"type":"if","locations":[{"start":{"line":614,"column":3},"end":{"line":614,"column":3}},{"start":{"line":614,"column":3},"end":{"line":614,"column":3}}]},"47":{"line":640,"type":"if","locations":[{"start":{"line":640,"column":3},"end":{"line":640,"column":3}},{"start":{"line":640,"column":3},"end":{"line":640,"column":3}}]},"48":{"line":708,"type":"if","locations":[{"start":{"line":708,"column":4},"end":{"line":708,"column":4}},{"start":{"line":708,"column":4},"end":{"line":708,"column":4},"skip":true}]},"49":{"line":709,"type":"binary-expr","locations":[{"start":{"line":709,"column":5},"end":{"line":709,"column":21}},{"start":{"line":710,"column":32},"end":{"line":710,"column":62},"skip":true},{"start":{"line":711,"column":32},"end":{"line":711,"column":58},"skip":true}]},"50":{"line":769,"type":"if","locations":[{"start":{"line":769,"column":2},"end":{"line":769,"column":2}},{"start":{"line":769,"column":2},"end":{"line":769,"column":2}}]},"51":{"line":769,"type":"binary-expr","locations":[{"start":{"line":769,"column":6},"end":{"line":769,"column":18}},{"start":{"line":769,"column":22},"end":{"line":769,"column":49}}]},"52":{"line":771,"type":"if","locations":[{"start":{"line":771,"column":9},"end":{"line":771,"column":9}},{"start":{"line":771,"column":9},"end":{"line":771,"column":9}}]},"53":{"line":771,"type":"binary-expr","locations":[{"start":{"line":771,"column":13},"end":{"line":771,"column":20}},{"start":{"line":771,"column":24},"end":{"line":771,"column":44}}]},"54":{"line":792,"type":"if","locations":[{"start":{"line":792,"column":3},"end":{"line":792,"column":3}},{"start":{"line":792,"column":3},"end":{"line":792,"column":3}}]},"55":{"line":794,"type":"if","locations":[{"start":{"line":794,"column":10},"end":{"line":794,"column":10}},{"start":{"line":794,"column":10},"end":{"line":794,"column":10}}]},"56":{"line":814,"type":"if","locations":[{"start":{"line":814,"column":4},"end":{"line":814,"column":4}},{"start":{"line":814,"column":4},"end":{"line":814,"column":4}}]},"57":{"line":818,"type":"if","locations":[{"start":{"line":818,"column":11},"end":{"line":818,"column":11}},{"start":{"line":818,"column":11},"end":{"line":818,"column":11}}]},"58":{"line":822,"type":"if","locations":[{"start":{"line":822,"column":11},"end":{"line":822,"column":11}},{"start":{"line":822,"column":11},"end":{"line":822,"column":11}}]},"59":{"line":826,"type":"if","locations":[{"start":{"line":826,"column":6},"end":{"line":826,"column":6}},{"start":{"line":826,"column":6},"end":{"line":826,"column":6}}]},"60":{"line":843,"type":"if","locations":[{"start":{"line":843,"column":7},"end":{"line":843,"column":7}},{"start":{"line":843,"column":7},"end":{"line":843,"column":7}}]},"61":{"line":844,"type":"binary-expr","locations":[{"start":{"line":844,"column":8},"end":{"line":844,"column":25}},{"start":{"line":845,"column":8},"end":{"line":845,"column":40}}]},"62":{"line":883,"type":"if","locations":[{"start":{"line":883,"column":3},"end":{"line":883,"column":3}},{"start":{"line":883,"column":3},"end":{"line":883,"column":3}}]},"63":{"line":899,"type":"if","locations":[{"start":{"line":899,"column":3},"end":{"line":899,"column":3}},{"start":{"line":899,"column":3},"end":{"line":899,"column":3}}]},"64":{"line":901,"type":"if","locations":[{"start":{"line":901,"column":10},"end":{"line":901,"column":10}},{"start":{"line":901,"column":10},"end":{"line":901,"column":10}}]},"65":{"line":902,"type":"binary-expr","locations":[{"start":{"line":902,"column":28},"end":{"line":902,"column":47}},{"start":{"line":902,"column":51},"end":{"line":902,"column":62}}]},"66":{"line":922,"type":"if","locations":[{"start":{"line":922,"column":2},"end":{"line":922,"column":2}},{"start":{"line":922,"column":2},"end":{"line":922,"column":2}}]},"67":{"line":974,"type":"if","locations":[{"start":{"line":974,"column":4},"end":{"line":974,"column":4}},{"start":{"line":974,"column":4},"end":{"line":974,"column":4}}]}},"l":{"1":55,"4":55,"7":55,"8":55,"12":55,"13":54,"17":55,"18":55,"19":55,"20":55,"35":1,"36":55,"38":55,"40":55,"43":55,"44":55,"45":55,"47":55,"56":8,"85":241,"87":241,"88":241,"89":241,"90":241,"92":241,"94":241,"96":241,"98":241,"99":166,"100":166,"101":166,"102":166,"103":75,"104":10,"105":2,"108":2,"109":2,"111":8,"112":8,"113":8,"114":8,"118":241,"120":174,"121":10,"123":10,"124":0,"128":10,"129":10,"131":10,"132":1,"137":9,"146":174,"149":67,"160":1,"170":22,"186":53,"188":53,"190":53,"191":53,"192":53,"193":53,"198":53,"199":45,"200":45,"203":45,"207":8,"209":8,"210":18,"211":10,"214":8,"215":7,"216":7,"220":7,"225":53,"227":53,"230":53,"232":53,"234":53,"236":53,"239":53,"242":52,"244":52,"247":52,"248":11,"249":2,"251":2,"254":2,"255":2,"256":2,"258":2,"262":2,"266":2,"268":2,"269":2,"274":52,"278":47,"279":47,"282":47,"283":46,"286":46,"293":6,"294":6,"297":6,"298":4,"313":10,"315":10,"316":10,"320":10,"322":10,"323":5,"325":5,"326":3,"328":2,"329":5,"330":2,"332":2,"336":2,"337":2,"339":0,"351":2,"354":5,"355":5,"356":4,"360":4,"362":4,"366":5,"385":76,"386":76,"388":76,"393":76,"394":125,"397":76,"398":76,"399":76,"401":76,"403":76,"404":72,"407":76,"419":557,"420":45,"423":557,"434":53,"435":38,"440":53,"452":12,"454":12,"456":12,"457":4,"460":4,"462":0,"466":12,"479":49,"480":49,"482":49,"484":49,"485":84,"487":84,"492":84,"493":125,"495":125,"497":125,"504":10,"509":49,"521":46,"523":46,"525":46,"526":53,"528":53,"533":46,"544":146,"545":35,"548":146,"560":48,"561":36,"564":48,"578":52,"580":52,"581":0,"584":52,"586":52,"588":52,"589":86,"591":86,"593":86,"594":0,"595":0,"599":86,"604":0,"607":86,"608":165,"609":8,"610":8,"614":86,"615":78,"619":52,"631":52,"633":52,"635":52,"640":52,"642":46,"644":46,"647":46,"648":78,"654":46,"655":46,"657":43,"662":42,"667":3,"672":6,"675":6,"680":0,"697":78,"699":78,"700":78,"702":78,"706":78,"708":75,"713":75,"715":75,"717":75,"722":78,"723":4,"725":4,"728":78,"741":53,"743":53,"744":53,"745":53,"749":52,"751":1,"766":1,"767":1,"769":1,"770":1,"771":0,"774":0,"786":48,"787":48,"789":48,"790":82,"792":82,"793":7,"794":75,"795":5,"798":5,"801":70,"804":70,"805":70,"806":70,"808":70,"809":117,"814":117,"815":60,"817":60,"818":57,"819":16,"821":16,"822":41,"823":6,"824":7,"826":7,"827":1,"829":6,"834":6,"839":6,"843":6,"847":1,"855":5,"859":6,"860":2,"864":2,"867":6,"870":35,"875":35,"877":35,"881":70,"883":70,"884":69,"889":1,"899":70,"900":12,"901":58,"902":58,"916":83,"920":83,"922":83,"923":10,"925":10,"928":83,"941":49,"943":49,"944":49,"946":49,"947":83,"951":49,"956":48,"958":48,"959":48,"961":48,"962":82,"965":48,"967":48,"970":48,"974":48,"975":7,"976":7,"978":41,"992":55,"993":1210,"996":55,"999":55}}}
