TN:
SF:/Users/ivan/Liferay/Javascript/liferay-amd-loader/umd/event-emitter.js
FN:1,(anonymous_1)
FN:17,(anonymous_2)
FN:26,EventEmitter
FN:39,(anonymous_4)
FN:51,(anonymous_5)
FN:76,(anonymous_6)
FNF:6
FNH:6
FNDA:56,(anonymous_1)
FNDA:56,(anonymous_2)
FNDA:61,EventEmitter
FNDA:191,(anonymous_4)
FNDA:23,(anonymous_5)
FNDA:160,(anonymous_6)
DA:1,56
DA:4,56
DA:7,56
DA:8,56
DA:12,56
DA:13,54
DA:16,56
DA:26,1
DA:27,61
DA:30,56
DA:40,191
DA:42,191
DA:52,23
DA:54,23
DA:55,19
DA:57,19
DA:58,18
DA:60,1
DA:65,4
DA:77,160
DA:79,160
DA:84,29
DA:86,29
DA:87,27
DA:89,27
DA:92,131
DA:98,56
LF:27
LH:27
BRDA:7,1,0,56
BRDA:7,1,1,0
BRDA:7,2,0,56
BRDA:7,2,1,56
BRDA:12,3,0,54
BRDA:12,3,1,2
BRDA:12,4,0,56
BRDA:12,4,1,54
BRDA:17,5,0,56
BRDA:17,5,1,0
BRDA:40,6,0,191
BRDA:40,6,1,65
BRDA:54,7,0,19
BRDA:54,7,1,4
BRDA:57,8,0,18
BRDA:57,8,1,1
BRDA:79,9,0,29
BRDA:79,9,1,131
BRF:18
BRH:18
end_of_record
TN:
SF:/Users/ivan/Liferay/Javascript/liferay-amd-loader/umd/config-parser.js
FN:1,(anonymous_1)
FN:17,(anonymous_2)
FN:27,ConfigParser
FN:53,(anonymous_4)
FN:80,(anonymous_5)
FN:89,(anonymous_6)
FN:98,(anonymous_7)
FN:122,(anonymous_8)
FN:154,(anonymous_9)
FN:155,(anonymous_10)
FN:185,(anonymous_11)
FN:209,(anonymous_12)
FN:237,(anonymous_13)
FN:250,(anonymous_14)
FN:272,(anonymous_15)
FN:293,(anonymous_16)
FNF:16
FNH:16
FNDA:56,(anonymous_1)
FNDA:56,(anonymous_2)
FNDA:80,ConfigParser
FNDA:1174,(anonymous_4)
FNDA:345,(anonymous_5)
FNDA:142,(anonymous_6)
FNDA:623,(anonymous_7)
FNDA:257,(anonymous_8)
FNDA:228,(anonymous_9)
FNDA:284,(anonymous_10)
FNDA:284,(anonymous_11)
FNDA:281,(anonymous_12)
FNDA:251,(anonymous_13)
FNDA:80,(anonymous_14)
FNDA:55,(anonymous_15)
FNDA:1174,(anonymous_16)
DA:1,56
DA:4,56
DA:7,56
DA:8,56
DA:12,56
DA:13,54
DA:16,56
DA:27,1
DA:28,80
DA:29,80
DA:30,80
DA:32,80
DA:35,56
DA:58,1174
DA:60,1174
DA:61,71
DA:62,282
DA:63,282
DA:67,1103
DA:70,1174
DA:72,1174
DA:81,345
DA:90,142
DA:99,623
DA:123,257
DA:124,33
DA:127,224
DA:129,224
DA:130,120
DA:132,104
DA:135,224
DA:136,6
DA:139,224
DA:140,222
DA:143,224
DA:155,228
DA:156,284
DA:158,284
DA:162,284
DA:163,281
DA:168,284
DA:169,251
DA:172,284
DA:186,284
DA:188,532
DA:189,532
DA:191,532
DA:192,7
DA:193,3
DA:210,281
DA:212,509
DA:213,509
DA:215,509
DA:216,507
DA:217,0
DA:220,507
DA:221,30
DA:238,251
DA:239,3
DA:251,80
DA:253,315
DA:254,315
DA:255,55
DA:257,260
DA:262,80
DA:273,55
DA:275,1041
DA:276,1041
DA:278,1041
DA:280,1041
DA:284,55
DA:295,1174
DA:296,17
DA:300,17
DA:301,13
DA:306,17
DA:312,56
LF:77
LH:76
BRDA:7,1,0,56
BRDA:7,1,1,0
BRDA:7,2,0,56
BRDA:7,2,1,56
BRDA:12,3,0,54
BRDA:12,3,1,2
BRDA:12,4,0,56
BRDA:12,4,1,54
BRDA:17,5,0,56
BRDA:17,5,1,0
BRDA:60,6,0,71
BRDA:60,6,1,1103
BRDA:62,7,0,282
BRDA:62,7,1,0
BRDA:123,8,0,33
BRDA:123,8,1,224
BRDA:123,9,0,257
BRDA:123,9,1,35
BRDA:129,10,0,120
BRDA:129,10,1,104
BRDA:135,11,0,6
BRDA:135,11,1,218
BRDA:139,12,0,222
BRDA:139,12,1,2
BRDA:143,13,0,120
BRDA:143,13,1,104
BRDA:162,14,0,281
BRDA:162,14,1,3
BRDA:168,15,0,251
BRDA:168,15,1,33
BRDA:172,16,0,284
BRDA:172,16,1,248
BRDA:188,17,0,532
BRDA:188,17,1,0
BRDA:191,18,0,7
BRDA:191,18,1,525
BRDA:191,19,0,532
BRDA:191,19,1,7
BRDA:192,20,0,3
BRDA:192,20,1,4
BRDA:212,21,0,509
BRDA:212,21,1,0
BRDA:215,22,0,507
BRDA:215,22,1,2
BRDA:216,23,0,0
BRDA:216,23,1,507
BRDA:220,24,0,30
BRDA:220,24,1,477
BRDA:220,25,0,507
BRDA:220,25,1,484
BRDA:238,26,0,3
BRDA:238,26,1,248
BRDA:253,27,0,315
BRDA:253,27,1,0
BRDA:254,28,0,55
BRDA:254,28,1,260
BRDA:275,29,0,1041
BRDA:275,29,1,0
BRDA:295,30,0,17
BRDA:295,30,1,1157
BRDA:300,31,0,13
BRDA:300,31,1,4
BRF:62
BRH:60
end_of_record
TN:
SF:/Users/ivan/Liferay/Javascript/liferay-amd-loader/umd/dependency-builder.js
FN:1,(anonymous_1)
FN:17,(anonymous_2)
FN:29,DependencyBuilder
FN:45,(anonymous_4)
FN:70,(anonymous_5)
FN:97,(anonymous_6)
FN:132,(anonymous_7)
FN:162,(anonymous_8)
FN:178,(anonymous_9)
FNF:9
FNH:9
FNDA:1,(anonymous_1)
FNDA:1,(anonymous_2)
FNDA:53,DependencyBuilder
FNDA:67,(anonymous_4)
FNDA:67,(anonymous_5)
FNDA:140,(anonymous_6)
FNDA:67,(anonymous_7)
FNDA:6,(anonymous_8)
FNDA:143,(anonymous_9)
DA:1,1
DA:4,1
DA:7,1
DA:8,1
DA:12,1
DA:13,1
DA:16,1
DA:21,1
DA:29,1
DA:30,53
DA:31,53
DA:33,53
DA:36,1
DA:48,67
DA:50,67
DA:52,67
DA:53,67
DA:57,64
DA:59,67
DA:62,64
DA:71,67
DA:75,67
DA:77,1200
DA:78,1200
DA:80,1200
DA:81,1200
DA:82,1200
DA:86,67
DA:87,67
DA:98,140
DA:104,140
DA:105,5
DA:107,5
DA:108,6
DA:110,6
DA:116,4
DA:120,5
DA:135,67
DA:137,67
DA:138,79
DA:142,79
DA:143,22
DA:149,79
DA:150,77
DA:163,6
DA:164,1
DA:166,5
DA:180,143
DA:181,3
DA:190,140
DA:192,140
DA:193,129
DA:195,129
DA:197,129
DA:198,118
DA:200,118
DA:205,52
DA:209,66
DA:215,66
DA:219,66
DA:223,66
DA:224,4
DA:230,66
DA:233,123
DA:235,123
DA:237,123
DA:254,1
LF:67
LH:67
BRDA:7,1,0,1
BRDA:7,1,1,0
BRDA:7,2,0,1
BRDA:7,2,1,1
BRDA:12,3,0,0
BRDA:12,3,1,1
BRDA:12,4,0,1
BRDA:12,4,1,0
BRDA:17,5,0,1
BRDA:17,5,1,0
BRDA:77,6,0,1200
BRDA:77,6,1,0
BRDA:104,7,0,5
BRDA:104,7,1,135
BRDA:104,8,0,140
BRDA:104,8,1,6
BRDA:110,9,0,4
BRDA:110,9,1,2
BRDA:111,10,0,6
BRDA:111,10,1,6
BRDA:142,11,0,22
BRDA:142,11,1,57
BRDA:149,12,0,77
BRDA:149,12,1,2
BRDA:163,13,0,1
BRDA:163,13,1,5
BRDA:180,14,0,3
BRDA:180,14,1,140
BRDA:192,15,0,129
BRDA:192,15,1,11
BRDA:200,16,0,52
BRDA:200,16,1,66
BRDA:201,17,0,118
BRDA:201,17,1,113
BRDA:201,17,2,77
BRDA:223,18,0,4
BRDA:223,18,1,62
BRF:37
BRH:37
end_of_record
TN:
SF:/Users/ivan/Liferay/Javascript/liferay-amd-loader/umd/path-resolver.js
FN:1,(anonymous_1)
FN:17,(anonymous_2)
FN:26,PathResolver
FN:38,(anonymous_4)
FNF:4
FNH:4
FNDA:1,(anonymous_1)
FNDA:1,(anonymous_2)
FNDA:93,PathResolver
FNDA:210,(anonymous_4)
DA:1,1
DA:4,1
DA:7,1
DA:8,1
DA:12,1
DA:13,1
DA:16,1
DA:26,1
DA:28,1
DA:39,210
DA:45,182
DA:49,28
DA:51,28
DA:54,28
DA:56,28
DA:58,28
DA:59,43
DA:61,43
DA:62,17
DA:63,26
DA:64,20
DA:65,19
DA:67,1
DA:69,1
DA:72,6
DA:76,28
DA:78,28
DA:83,1
LF:28
LH:28
BRDA:7,1,0,1
BRDA:7,1,1,0
BRDA:7,2,0,1
BRDA:7,2,1,1
BRDA:12,3,0,0
BRDA:12,3,1,1
BRDA:12,4,0,1
BRDA:12,4,1,0
BRDA:17,5,0,1
BRDA:17,5,1,0
BRDA:39,6,0,182
BRDA:39,6,1,28
BRDA:40,7,0,210
BRDA:40,7,1,203
BRDA:40,7,2,139
BRDA:40,7,3,120
BRDA:43,8,0,120
BRDA:43,8,1,92
BRDA:61,9,0,17
BRDA:61,9,1,26
BRDA:63,10,0,20
BRDA:63,10,1,6
BRDA:64,11,0,19
BRDA:64,11,1,1
BRF:24
BRH:24
end_of_record
TN:
SF:/Users/ivan/Liferay/Javascript/liferay-amd-loader/umd/url-builder.js
FN:1,(anonymous_1)
FN:17,(anonymous_2)
FN:31,URLBuilder
FN:44,(anonymous_4)
FN:150,(anonymous_5)
FN:196,(anonymous_6)
FN:202,(anonymous_7)
FN:233,(anonymous_8)
FN:245,(anonymous_9)
FNF:9
FNH:9
FNDA:1,(anonymous_1)
FNDA:1,(anonymous_2)
FNDA:52,URLBuilder
FNDA:64,(anonymous_4)
FNDA:11,(anonymous_5)
FNDA:121,(anonymous_6)
FNDA:20,(anonymous_7)
FNDA:108,(anonymous_8)
FNDA:2,(anonymous_9)
DA:1,1
DA:4,1
DA:7,1
DA:8,1
DA:12,1
DA:13,1
DA:16,1
DA:23,1
DA:31,1
DA:32,52
DA:35,1
DA:45,64
DA:46,64
DA:47,64
DA:48,64
DA:49,64
DA:51,64
DA:53,64
DA:54,64
DA:57,64
DA:58,61
DA:61,64
DA:62,122
DA:65,122
DA:66,1
DA:71,121
DA:72,121
DA:75,121
DA:76,7
DA:84,114
DA:85,89
DA:95,25
DA:96,8
DA:97,8
DA:99,17
DA:100,17
DA:105,122
DA:109,64
DA:110,8
DA:121,8
DA:124,64
DA:125,3
DA:135,3
DA:138,64
DA:151,11
DA:152,11
DA:153,11
DA:154,11
DA:156,11
DA:161,11
DA:162,14
DA:163,14
DA:165,14
DA:169,11
DA:170,11
DA:172,3
DA:174,3
DA:181,11
DA:183,11
DA:185,11
DA:197,121
DA:199,121
DA:201,121
DA:202,121
DA:204,20
DA:205,7
DA:210,121
DA:211,2
DA:214,121
DA:218,73
DA:221,121
DA:234,108
DA:236,108
DA:238,108
DA:240,108
DA:241,106
DA:244,2
DA:246,2
DA:250,2
DA:255,1
LF:80
LH:80
BRDA:7,1,0,1
BRDA:7,1,1,0
BRDA:7,2,0,1
BRDA:7,2,1,1
BRDA:12,3,0,0
BRDA:12,3,1,1
BRDA:12,4,0,1
BRDA:12,4,1,0
BRDA:17,5,0,1
BRDA:17,5,1,0
BRDA:53,6,0,64
BRDA:53,6,1,3
BRDA:57,7,0,61
BRDA:57,7,1,3
BRDA:57,8,0,64
BRDA:57,8,1,61
BRDA:65,9,0,1
BRDA:65,9,1,121
BRDA:75,10,0,7
BRDA:75,10,1,114
BRDA:84,11,0,89
BRDA:84,11,1,25
BRDA:84,12,0,114
BRDA:84,12,1,26
BRDA:88,13,0,10
BRDA:88,13,1,79
BRDA:95,14,0,8
BRDA:95,14,1,17
BRDA:109,15,0,8
BRDA:109,15,1,56
BRDA:124,16,0,3
BRDA:124,16,1,61
BRDA:152,17,0,11
BRDA:152,17,1,4
BRDA:154,18,0,11
BRDA:154,18,1,9
BRDA:165,19,0,11
BRDA:165,19,1,3
BRDA:197,20,0,121
BRDA:197,20,1,67
BRDA:199,21,0,121
BRDA:199,21,1,46
BRDA:204,22,0,7
BRDA:204,22,1,13
BRDA:204,23,0,20
BRDA:204,23,1,14
BRDA:210,24,0,2
BRDA:210,24,1,119
BRDA:210,25,0,121
BRDA:210,25,1,121
BRDA:214,26,0,73
BRDA:214,26,1,48
BRDA:215,27,0,121
BRDA:215,27,1,114
BRDA:236,28,0,108
BRDA:236,28,1,106
BRDA:240,29,0,106
BRDA:240,29,1,2
BRDA:250,30,0,1
BRDA:250,30,1,1
BRF:60
BRH:60
end_of_record
TN:
SF:/Users/ivan/Liferay/Javascript/liferay-amd-loader/umd/script-loader.js
FN:1,(anonymous_1)
FN:21,(anonymous_2)
FN:35,Loader
FN:55,(anonymous_4)
FN:84,(anonymous_5)
FN:120,(anonymous_6)
FN:159,(anonymous_7)
FN:169,(anonymous_8)
FN:185,(anonymous_9)
FN:236,(anonymous_10)
FN:241,(anonymous_11)
FN:248,(anonymous_12)
FN:257,(anonymous_13)
FN:277,(anonymous_14)
FN:292,(anonymous_15)
FN:312,(anonymous_16)
FN:315,(anonymous_17)
FN:328,(anonymous_18)
FN:354,(anonymous_19)
FN:382,(anonymous_20)
FN:393,(anonymous_21)
FN:417,(anonymous_22)
FN:433,(anonymous_23)
FN:451,(anonymous_24)
FN:478,(anonymous_25)
FN:520,(anonymous_26)
FN:543,(anonymous_27)
FN:558,(anonymous_28)
FN:577,(anonymous_29)
FN:630,(anonymous_30)
FN:633,(anonymous_31)
FN:656,(anonymous_32)
FN:661,(anonymous_33)
FN:666,(anonymous_34)
FN:674,(anonymous_35)
FN:679,(anonymous_36)
FN:696,(anonymous_37)
FN:699,(anonymous_38)
FN:706,(anonymous_39)
FN:722,(anonymous_40)
FN:740,(anonymous_41)
FN:743,(anonymous_42)
FN:765,(anonymous_43)
FN:785,(anonymous_44)
FN:823,(anonymous_45)
FN:859,(anonymous_46)
FN:915,(anonymous_47)
FN:940,(anonymous_48)
FN:943,(anonymous_49)
FN:951,(anonymous_50)
FN:958,(anonymous_51)
FN:992,(anonymous_52)
FNF:52
FNH:51
FNDA:55,(anonymous_1)
FNDA:55,(anonymous_2)
FNDA:55,Loader
FNDA:8,(anonymous_4)
FNDA:241,(anonymous_5)
FNDA:10,(anonymous_6)
FNDA:1,(anonymous_7)
FNDA:22,(anonymous_8)
FNDA:53,(anonymous_9)
FNDA:53,(anonymous_10)
FNDA:52,(anonymous_11)
FNDA:2,(anonymous_12)
FNDA:2,(anonymous_13)
FNDA:47,(anonymous_14)
FNDA:6,(anonymous_15)
FNDA:10,(anonymous_16)
FNDA:10,(anonymous_17)
FNDA:5,(anonymous_18)
FNDA:5,(anonymous_19)
FNDA:76,(anonymous_20)
FNDA:125,(anonymous_21)
FNDA:557,(anonymous_22)
FNDA:53,(anonymous_23)
FNDA:12,(anonymous_24)
FNDA:49,(anonymous_25)
FNDA:46,(anonymous_26)
FNDA:146,(anonymous_27)
FNDA:48,(anonymous_28)
FNDA:52,(anonymous_29)
FNDA:52,(anonymous_30)
FNDA:52,(anonymous_31)
FNDA:43,(anonymous_32)
FNDA:42,(anonymous_33)
FNDA:3,(anonymous_34)
FNDA:6,(anonymous_35)
FNDA:0,(anonymous_36)
FNDA:78,(anonymous_37)
FNDA:78,(anonymous_38)
FNDA:75,(anonymous_39)
FNDA:4,(anonymous_40)
FNDA:53,(anonymous_41)
FNDA:53,(anonymous_42)
FNDA:1,(anonymous_43)
FNDA:48,(anonymous_44)
FNDA:7,(anonymous_45)
FNDA:2,(anonymous_46)
FNDA:83,(anonymous_47)
FNDA:49,(anonymous_48)
FNDA:49,(anonymous_49)
FNDA:48,(anonymous_50)
FNDA:48,(anonymous_51)
FNDA:1210,(anonymous_52)
DA:1,55
DA:4,55
DA:7,55
DA:8,55
DA:12,55
DA:13,54
DA:17,55
DA:18,55
DA:19,55
DA:20,55
DA:35,1
DA:36,55
DA:38,55
DA:40,55
DA:43,55
DA:44,55
DA:45,55
DA:47,55
DA:56,8
DA:85,241
DA:87,241
DA:88,241
DA:89,241
DA:90,241
DA:92,241
DA:94,241
DA:96,241
DA:98,241
DA:99,166
DA:100,166
DA:101,166
DA:102,166
DA:103,75
DA:104,10
DA:105,2
DA:108,2
DA:109,2
DA:111,8
DA:112,8
DA:113,8
DA:114,8
DA:118,241
DA:120,174
DA:121,10
DA:123,10
DA:124,0
DA:128,10
DA:129,10
DA:131,10
DA:132,1
DA:137,9
DA:146,174
DA:149,67
DA:160,1
DA:170,22
DA:186,53
DA:188,53
DA:190,53
DA:191,53
DA:192,53
DA:193,53
DA:198,53
DA:199,45
DA:200,45
DA:203,45
DA:207,8
DA:209,8
DA:210,18
DA:211,10
DA:214,8
DA:215,7
DA:216,7
DA:220,7
DA:225,53
DA:227,53
DA:230,53
DA:232,53
DA:234,53
DA:236,53
DA:239,53
DA:242,52
DA:244,52
DA:247,52
DA:248,11
DA:249,2
DA:251,2
DA:254,2
DA:255,2
DA:256,2
DA:258,2
DA:262,2
DA:266,2
DA:268,2
DA:269,2
DA:274,52
DA:278,47
DA:279,47
DA:282,47
DA:283,46
DA:286,46
DA:293,6
DA:294,6
DA:297,6
DA:298,4
DA:313,10
DA:315,10
DA:316,10
DA:320,10
DA:322,10
DA:323,5
DA:325,5
DA:326,3
DA:328,2
DA:329,5
DA:330,2
DA:332,2
DA:336,2
DA:337,2
DA:339,0
DA:351,2
DA:354,5
DA:355,5
DA:356,4
DA:360,4
DA:362,4
DA:366,5
DA:385,76
DA:386,76
DA:388,76
DA:393,76
DA:394,125
DA:397,76
DA:398,76
DA:399,76
DA:401,76
DA:403,76
DA:404,72
DA:407,76
DA:419,557
DA:420,45
DA:423,557
DA:434,53
DA:435,38
DA:440,53
DA:452,12
DA:454,12
DA:456,12
DA:457,4
DA:460,4
DA:462,0
DA:466,12
DA:479,49
DA:480,49
DA:482,49
DA:484,49
DA:485,84
DA:487,84
DA:492,84
DA:493,125
DA:495,125
DA:497,125
DA:504,10
DA:509,49
DA:521,46
DA:523,46
DA:525,46
DA:526,53
DA:528,53
DA:533,46
DA:544,146
DA:545,35
DA:548,146
DA:560,48
DA:561,36
DA:564,48
DA:578,52
DA:580,52
DA:581,0
DA:584,52
DA:586,52
DA:588,52
DA:589,86
DA:591,86
DA:593,86
DA:594,0
DA:595,0
DA:599,86
DA:604,0
DA:607,86
DA:608,165
DA:609,8
DA:610,8
DA:614,86
DA:615,78
DA:619,52
DA:631,52
DA:633,52
DA:635,52
DA:640,52
DA:642,46
DA:644,46
DA:647,46
DA:648,78
DA:654,46
DA:655,46
DA:657,43
DA:662,42
DA:667,3
DA:672,6
DA:675,6
DA:680,0
DA:697,78
DA:699,78
DA:700,78
DA:702,78
DA:706,78
DA:708,75
DA:713,75
DA:715,75
DA:717,75
DA:722,78
DA:723,4
DA:725,4
DA:728,78
DA:741,53
DA:743,53
DA:744,53
DA:745,53
DA:749,52
DA:751,1
DA:766,1
DA:767,1
DA:769,1
DA:770,1
DA:771,0
DA:774,0
DA:786,48
DA:787,48
DA:789,48
DA:790,82
DA:792,82
DA:793,7
DA:794,75
DA:795,5
DA:798,5
DA:801,70
DA:804,70
DA:805,70
DA:806,70
DA:808,70
DA:809,117
DA:814,117
DA:815,60
DA:817,60
DA:818,57
DA:819,16
DA:821,16
DA:822,41
DA:823,6
DA:824,7
DA:826,7
DA:827,1
DA:829,6
DA:834,6
DA:839,6
DA:843,6
DA:847,1
DA:855,5
DA:859,6
DA:860,2
DA:864,2
DA:867,6
DA:870,35
DA:875,35
DA:877,35
DA:881,70
DA:883,70
DA:884,69
DA:889,1
DA:899,70
DA:900,12
DA:901,58
DA:902,58
DA:916,83
DA:920,83
DA:922,83
DA:923,10
DA:925,10
DA:928,83
DA:941,49
DA:943,49
DA:944,49
DA:946,49
DA:947,83
DA:951,49
DA:956,48
DA:958,48
DA:959,48
DA:961,48
DA:962,82
DA:965,48
DA:967,48
DA:970,48
DA:974,48
DA:975,7
DA:976,7
DA:978,41
DA:992,55
DA:993,1210
DA:996,55
DA:999,55
LF:311
LH:301
BRDA:7,1,0,55
BRDA:7,1,1,0
BRDA:7,2,0,55
BRDA:7,2,1,55
BRDA:12,3,0,54
BRDA:12,3,1,1
BRDA:12,4,0,55
BRDA:12,4,1,54
BRDA:21,5,0,55
BRDA:21,5,1,0
BRDA:38,6,0,55
BRDA:38,6,1,55
BRDA:90,7,0,241
BRDA:90,7,1,241
BRDA:98,8,0,166
BRDA:98,8,1,75
BRDA:103,9,0,10
BRDA:103,9,1,65
BRDA:104,10,0,2
BRDA:104,10,1,8
BRDA:118,11,0,174
BRDA:118,11,1,67
BRDA:123,12,0,0
BRDA:123,12,1,10
BRDA:131,13,0,1
BRDA:131,13,1,9
BRDA:131,14,0,10
BRDA:131,14,1,9
BRDA:198,15,0,45
BRDA:198,15,1,8
BRDA:200,16,0,44
BRDA:200,16,1,1
BRDA:203,17,0,44
BRDA:203,17,1,1
BRDA:210,18,0,10
BRDA:210,18,1,8
BRDA:214,19,0,7
BRDA:214,19,1,1
BRDA:216,20,0,6
BRDA:216,20,1,1
BRDA:247,21,0,11
BRDA:247,21,1,41
BRDA:270,22,0,11
BRDA:270,22,1,9
BRDA:282,23,0,46
BRDA:282,23,1,1
BRDA:297,24,0,4
BRDA:297,24,1,2
BRDA:322,25,0,5
BRDA:322,25,1,5
BRDA:325,26,0,3
BRDA:325,26,1,2
BRDA:329,27,0,2
BRDA:329,27,1,3
BRDA:336,28,0,2
BRDA:336,28,1,0
BRDA:355,29,0,4
BRDA:355,29,1,1
BRDA:385,30,0,76
BRDA:385,30,1,0
BRDA:403,31,0,72
BRDA:403,31,1,4
BRDA:419,32,0,45
BRDA:419,32,1,512
BRDA:434,33,0,38
BRDA:434,33,1,15
BRDA:456,34,0,16
BRDA:456,34,1,14
BRDA:457,35,0,4
BRDA:457,35,1,0
BRDA:497,36,0,10
BRDA:497,36,1,115
BRDA:498,37,0,125
BRDA:498,37,1,119
BRDA:498,37,2,54
BRDA:498,37,3,38
BRDA:498,37,4,29
BRDA:529,38,0,53
BRDA:529,38,1,0
BRDA:544,39,0,35
BRDA:544,39,1,111
BRDA:560,40,0,36
BRDA:560,40,1,12
BRDA:580,41,0,0
BRDA:580,41,1,52
BRDA:593,42,0,0
BRDA:593,42,1,86
BRDA:599,43,0,0
BRDA:599,43,1,86
BRDA:600,44,0,86
BRDA:600,44,1,86
BRDA:600,44,2,86
BRDA:608,45,0,8
BRDA:608,45,1,157
BRDA:614,46,0,78
BRDA:614,46,1,8
BRDA:640,47,0,46
BRDA:640,47,1,6
BRDA:708,48,0,75
BRDA:708,48,1,0
BRDA:709,49,0,75
BRDA:709,49,1,0
BRDA:709,49,2,0
BRDA:769,50,0,1
BRDA:769,50,1,0
BRDA:769,51,0,1
BRDA:769,51,1,0
BRDA:771,52,0,0
BRDA:771,52,1,0
BRDA:771,53,0,0
BRDA:771,53,1,0
BRDA:792,54,0,7
BRDA:792,54,1,75
BRDA:794,55,0,5
BRDA:794,55,1,70
BRDA:814,56,0,60
BRDA:814,56,1,57
BRDA:818,57,0,16
BRDA:818,57,1,41
BRDA:822,58,0,6
BRDA:822,58,1,35
BRDA:826,59,0,1
BRDA:826,59,1,6
BRDA:843,60,0,1
BRDA:843,60,1,5
BRDA:844,61,0,6
BRDA:844,61,1,5
BRDA:883,62,0,69
BRDA:883,62,1,1
BRDA:899,63,0,12
BRDA:899,63,1,58
BRDA:901,64,0,58
BRDA:901,64,1,0
BRDA:902,65,0,58
BRDA:902,65,1,44
BRDA:922,66,0,10
BRDA:922,66,1,73
BRDA:974,67,0,7
BRDA:974,67,1,41
BRF:139
BRH:124
end_of_record
